\BOOKMARK [0][-]{chapter*.1}{\376\377\000D\000E\000D\000I\000C\000A\000C\000E\000S}{}% 1
\BOOKMARK [0][-]{chapter*.2}{\376\377\000R\000E\000M\000E\000R\000C\000I\000E\000M\000E\000N\000T\000S}{}% 2
\BOOKMARK [0][-]{chapter*.3}{\376\377\000A\000V\000A\000N\000T\000-\000P\000R\000O\000P\000O\000S}{}% 3
\BOOKMARK [0][-]{chapter*.4}{\376\377\000R\000E\000S\000U\000M\000E}{}% 4
\BOOKMARK [0][-]{chapter*.5}{\376\377\000S\000I\000G\000L\000E\000S\000\040\000E\000T\000\040\000A\000B\000R\000E\000V\000I\000A\000T\000I\000O\000N\000S}{}% 5
\BOOKMARK [0][-]{chapter.1}{\376\377\000I\000n\000t\000r\000o\000d\000u\000c\000t\000i\000o\000n\000\040\000g\000\351\000n\000\351\000r\000a\000l\000e}{}% 6
\BOOKMARK [1][-]{section.1.1}{\376\377\000M\000o\000t\000i\000v\000a\000t\000i\000o\000n\000s}{chapter.1}% 7
\BOOKMARK [1][-]{section.1.2}{\376\377\000P\000r\000o\000b\000l\000\351\000m\000a\000t\000i\000q\000u\000e\000s}{chapter.1}% 8
\BOOKMARK [1][-]{section.1.3}{\376\377\000O\000b\000j\000e\000c\000t\000i\000f\000s}{chapter.1}% 9
\BOOKMARK [0][-]{chapter.2}{\376\377\000P\000r\000\351\000s\000e\000n\000t\000a\000t\000i\000o\000n\000\040\000d\000e\000\040\000l\000a\000\040\000s\000o\000c\000i\000\351\000t\000\351}{}% 10
\BOOKMARK [1][-]{section.2.1}{\376\377\000I\000n\000t\000r\000o\000d\000u\000c\000t\000i\000o\000n}{chapter.2}% 11
\BOOKMARK [1][-]{section.2.2}{\376\377\000M\000i\000s\000s\000i\000o\000n\000s}{chapter.2}% 12
\BOOKMARK [0][-]{chapter.3}{\376\377\000E\000n\000v\000i\000r\000o\000n\000n\000e\000m\000e\000n\000t\000\040\000d\000e\000\040\000t\000r\000a\000v\000a\000i\000l}{}% 13
\BOOKMARK [1][-]{section.3.1}{\376\377\000G\000e\000s\000t\000i\000o\000n\000\040\000d\000u\000\040\000p\000r\000o\000j\000e\000t}{chapter.3}% 14
\BOOKMARK [2][-]{subsection.3.1.1}{\376\377\000M\000\351\000t\000h\000o\000d\000o\000l\000o\000g\000i\000e\000\040\000d\000e\000\040\000t\000r\000a\000v\000a\000i\000l}{section.3.1}% 15
\BOOKMARK [2][-]{subsection.3.1.2}{\376\377\000L\000o\000g\000i\000c\000i\000e\000l\000\040\000d\000e\000\040\000g\000e\000s\000t\000i\000o\000n\000\040\000d\000u\000\040\000p\000r\000o\000j\000e\000t\000\040\000:\000\040\000T\000r\000e\000l\000l\000o}{section.3.1}% 16
\BOOKMARK [1][-]{section.3.2}{\376\377\000C\000o\000n\000c\000e\000p\000t\000i\000o\000n}{chapter.3}% 17
\BOOKMARK [2][-]{subsection.3.2.1}{\376\377\000L\000a\000n\000g\000a\000g\000e\000\040\000d\000e\000\040\000m\000o\000d\000\351\000l\000i\000s\000a\000t\000i\000o\000n\000\040\000:\000\040\000U\000M\000L}{section.3.2}% 18
\BOOKMARK [2][-]{subsection.3.2.2}{\376\377\000L\000o\000g\000i\000c\000i\000e\000l\000\040\000d\000e\000\040\000m\000o\000d\000\351\000l\000i\000s\000a\000t\000i\000o\000n}{section.3.2}% 19
\BOOKMARK [1][-]{section.3.3}{\376\377\000I\000m\000p\000l\000\351\000m\000e\000n\000t\000a\000t\000i\000o\000n}{chapter.3}% 20
\BOOKMARK [2][-]{subsection.3.3.1}{\376\377\000F\000r\000o\000n\000t\000-\000e\000n\000d}{section.3.3}% 21
\BOOKMARK [2][-]{subsection.3.3.2}{\376\377\000B\000a\000c\000k\000-\000E\000n\000d}{section.3.3}% 22
\BOOKMARK [1][-]{section.3.4}{\376\377\000S\000\351\000c\000u\000r\000i\000t\000\351}{chapter.3}% 23
\BOOKMARK [2][-]{subsection.3.4.1}{\376\377\000H\000a\000c\000h\000a\000g\000e\000\040\000d\000e\000s\000\040\000m\000o\000t\000s\000\040\000d\000e\000\040\000p\000a\000s\000s\000e}{section.3.4}% 24
