This is pdfTeX, Version 3.141592653-2.6-1.40.22 (TeX Live 2022/dev/Debian) (preloaded format=pdflatex 2022.6.8)  20 OCT 2022 13:26
entering extended mode
 restricted \write18 enabled.
 %&-line parsing enabled.
**document.tex
(./document.tex
LaTeX2e <2021-11-15> patch level 1
L3 programming layer <2022-01-21>
(/usr/share/texlive/texmf-dist/tex/latex/base/report.cls
Document Class: report 2021/10/04 v1.4n Standard LaTeX document class
(/usr/share/texlive/texmf-dist/tex/latex/base/size12.clo
File: size12.clo 2021/10/04 v1.4n Standard LaTeX file (size option)
)
\c@part=\count185
\c@chapter=\count186
\c@section=\count187
\c@subsection=\count188
\c@subsubsection=\count189
\c@paragraph=\count190
\c@subparagraph=\count191
\c@figure=\count192
\c@table=\count193
\abovecaptionskip=\skip47
\belowcaptionskip=\skip48
\bibindent=\dimen138
)
(/usr/share/texlive/texmf-dist/tex/latex/geometry/geometry.sty
Package: geometry 2020/01/02 v5.9 Page Geometry

(/usr/share/texlive/texmf-dist/tex/latex/graphics/keyval.sty
Package: keyval 2014/10/28 v1.15 key=value parser (DPC)
\KV@toks@=\toks16
)
(/usr/share/texlive/texmf-dist/tex/generic/iftex/ifvtex.sty
Package: ifvtex 2019/10/25 v1.7 ifvtex legacy package. Use iftex instead.

(/usr/share/texlive/texmf-dist/tex/generic/iftex/iftex.sty
Package: iftex 2020/03/06 v1.0d TeX engine tests
))
\Gm@cnth=\count194
\Gm@cntv=\count195
\c@Gm@tempcnt=\count196
\Gm@bindingoffset=\dimen139
\Gm@wd@mp=\dimen140
\Gm@odd@mp=\dimen141
\Gm@even@mp=\dimen142
\Gm@layoutwidth=\dimen143
\Gm@layoutheight=\dimen144
\Gm@layouthoffset=\dimen145
\Gm@layoutvoffset=\dimen146
\Gm@dimlist=\toks17
)
(/usr/share/texlive/texmf-dist/tex/latex/graphics/graphicx.sty
Package: graphicx 2021/09/16 v1.2d Enhanced LaTeX Graphics (DPC,SPQR)

(/usr/share/texlive/texmf-dist/tex/latex/graphics/graphics.sty
Package: graphics 2021/03/04 v1.4d Standard LaTeX Graphics (DPC,SPQR)

(/usr/share/texlive/texmf-dist/tex/latex/graphics/trig.sty
Package: trig 2021/08/11 v1.11 sin cos tan (DPC)
)
(/usr/share/texlive/texmf-dist/tex/latex/graphics-cfg/graphics.cfg
File: graphics.cfg 2016/06/04 v1.11 sample graphics configuration
)
Package graphics Info: Driver file: pdftex.def on input line 107.

(/usr/share/texlive/texmf-dist/tex/latex/graphics-def/pdftex.def
File: pdftex.def 2020/10/05 v1.2a Graphics/color driver for pdftex
))
\Gin@req@height=\dimen147
\Gin@req@width=\dimen148
)
(/usr/share/texlive/texmf-dist/tex/latex/base/inputenc.sty
Package: inputenc 2021/02/14 v1.3d Input encoding file
\inpenc@prehook=\toks18
\inpenc@posthook=\toks19
)
(/usr/share/texlive/texmf-dist/tex/latex/base/fontenc.sty
Package: fontenc 2021/04/29 v2.0v Standard LaTeX package
)
(/usr/share/texlive/texmf-dist/tex/generic/babel/babel.sty
Package: babel 2022/01/26 3.70 The Babel package
\babel@savecnt=\count197
\U@D=\dimen149
\l@unhyphenated=\language87

(/usr/share/texlive/texmf-dist/tex/generic/babel/txtbabel.def)
\bbl@readstream=\read2
\bbl@dirlevel=\count198

(/usr/share/texlive/texmf-dist/tex/generic/babel-french/french.ldf
Language: french 2021/07/20 v3.5m French support from the babel system
Package babel Info: Hyphen rules for 'acadian' set to \l@french
(babel)             (\language26). Reported on input line 91.
Package babel Info: Hyphen rules for 'canadien' set to \l@french
(babel)             (\language26). Reported on input line 92.
\FB@nonchar=\count199
Package babel Info: Making : an active character on input line 430.
Package babel Info: Making ; an active character on input line 431.
Package babel Info: Making ! an active character on input line 432.
Package babel Info: Making ? an active character on input line 433.
\FBguill@level=\count266
\FBold@everypar=\toks20
\FB@Mht=\dimen150
\mc@charclass=\count267
\mc@charfam=\count268
\mc@charslot=\count269
\std@mcc=\count270
\dec@mcc=\count271
\listindentFB=\dimen151
\descindentFB=\dimen152
\labelindentFB=\dimen153
\labelwidthFB=\dimen154
\leftmarginFB=\dimen155
\parindentFFN=\dimen156
\FBfnindent=\dimen157
))
(/usr/share/texlive/texmf-dist/tex/latex/carlisle/scalefnt.sty)
(/usr/share/texlive/texmf-dist/tex/latex/arabtex/arabtex.sty
(/usr/share/texlive/texmf-dist/tex/latex/arabtex/aconfig.sty
LaTeX2e detected 
BABEL detected
\a@moduledate=\count272
\a@maindate=\count273
)
Package: arabtex 2003/08/22  3.11 ArabTeX main module

(/usr/share/texlive/texmf-dist/tex/latex/arabtex/arabaux.sty
Package: arabaux 2003/05/21  3.11 auxiliary macros for ArabTeX
)
(/usr/share/texlive/texmf-dist/tex/latex/arabtex/acmd.sty
Package: acmd 2003/08/20  3.11 Arabic command processing 
)
(/usr/share/texlive/texmf-dist/tex/latex/arabtex/afonts.sty
Package: afonts 1995/11/16  3.04 define Naskh font 

(/usr/share/texlive/texmf-dist/tex/latex/arabtex/afonts2.sty
Package: afonts2 1998/10/19  3.10 define Naskh fonts for LaTeX2e
))
(/usr/share/texlive/texmf-dist/tex/latex/arabtex/ascan.sty
Package: ascan 2003/08/22  3.11 standard ZDMG input encoding 

(ArabTeX) scanner for code `arabtex' installed.
(ArabTeX) input encoding set to ArabTeX standard conventions.)
(/usr/share/texlive/texmf-dist/tex/latex/arabtex/aparse.sty
Package: aparse 2003/05/26  3.11 get syllables 
)
(/usr/share/texlive/texmf-dist/tex/latex/arabtex/awrite.sty
Package: awrite 2003/06/05  3.11 build output word 

(/usr/share/texlive/texmf-dist/tex/latex/arabtex/xarbsymb.sty
Package: xarbsymb 1998/07/15  3.07 symbolic output encoding 
)
(/usr/share/texlive/texmf-dist/tex/latex/arabtex/arabskel.sty
Package: arabskel 2000/06/04  3.10 character skeleton definitions 
)
(/usr/share/texlive/texmf-dist/tex/latex/arabtex/xarbskel.sty
Package: xarbskel 1999/07/17  3.09 character skeleton definitions 
)
(/usr/share/texlive/texmf-dist/tex/latex/arabtex/aboxes.sty
Package: aboxes 2003/05/28  3.11 build output boxes
)
(/usr/share/texlive/texmf-dist/tex/latex/arabtex/arabtoks.sty
Package: arabtoks 1999/07/17  3.09 ArabTeX CS token definitions 
)
(/usr/share/texlive/texmf-dist/tex/latex/arabtex/arabchrs.sty
Package: arabchrs 1998/07/11  3.07 letter token definitions 
))
(/usr/share/texlive/texmf-dist/tex/latex/arabtex/aligs.sty
Package: aligs 2003/05/26  3.11 compute ligatures
)
(/usr/share/texlive/texmf-dist/tex/latex/arabtex/aoutput.sty
Package: aoutput 2000/06/04  3.10 build output lines
)
(/usr/share/texlive/texmf-dist/tex/latex/arabtex/abidir.sty
Package: abidir 2003/08/22  3.11 bidirectional linebreaking
)
(/usr/share/texlive/texmf-dist/tex/latex/arabtex/atrans.sty
Package: atrans 2003/06/14  3.11 generate the transliteration 

(ArabTeX) ZDMG transliteration.)
(/usr/share/texlive/texmf-dist/tex/latex/arabtex/alatex.sty
Package: alatex 2003/05/04  3.11 ArabTeX extensions for LaTeX 

(/usr/share/texlive/texmf-dist/tex/latex/arabtex/afoot.sty
Package: afoot 2003/05/12  3.11 ArabTeX footnotes
))
(/usr/share/texlive/texmf-dist/tex/latex/arabtex/abjad.sty
Package: abjad 2003/04/26  3.11 abjad numerals 
)
(/usr/share/texlive/texmf-dist/tex/latex/arabtex/apatch.sty
(/usr/share/texlive/texmf-dist/tex/latex/arabtex/alists.sty
Package: alists 2003/04/26  3.11 inverted list macros
)
(/usr/share/texlive/texmf-dist/tex/latex/arabtex/asect.sty
Package: asect 2003/04/26  3.11 section macros for Arabic
)
(/usr/share/texlive/texmf-dist/tex/latex/arabtex/atabg.sty
Package: atabg 1997/01/21  3.05 LaTeX tabbing macros for Arabic
)
(/usr/share/texlive/texmf-dist/tex/latex/arabtex/alocal.sty
(ArabTeX) 3.11 local stub, 26.02.2006)
Package: apatch 2006/07/02  3.11s last minute patches 
)
Arabic processor `ArabTeX' [20060702 patch level 3.11s (02.07.2006)]
(ArabTeX) ... now be patient ... )
(/usr/share/texlive/texmf-dist/tex/latex/arabtex/utf8.sty
(/usr/share/texlive/texmf-dist/tex/latex/arabtex/utfcode.sty
Package: utfcode 2002/03/07  3.10a Arabic+Hebrew segment of UTF-8
\u@lb=\count303
\u@lq=\count304
)
Package: utf8 2000/06/13  3.10 UTF-8 input encoding 

(ArabTeX) scanner for code UTF-8 installed.)
(/usr/share/texlive/texmf-dist/tex/latex/hyperref/hyperref.sty
Package: hyperref 2021-06-07 v7.00m Hypertext links for LaTeX

(/usr/share/texlive/texmf-dist/tex/generic/ltxcmds/ltxcmds.sty
Package: ltxcmds 2020-05-10 v1.25 LaTeX kernel commands for general use (HO)
)
(/usr/share/texlive/texmf-dist/tex/generic/pdftexcmds/pdftexcmds.sty
Package: pdftexcmds 2020-06-27 v0.33 Utility functions of pdfTeX for LuaTeX (HO
)

(/usr/share/texlive/texmf-dist/tex/generic/infwarerr/infwarerr.sty
Package: infwarerr 2019/12/03 v1.5 Providing info/warning/error messages (HO)
)
Package pdftexcmds Info: \pdf@primitive is available.
Package pdftexcmds Info: \pdf@ifprimitive is available.
Package pdftexcmds Info: \pdfdraftmode found.
)
(/usr/share/texlive/texmf-dist/tex/generic/kvsetkeys/kvsetkeys.sty
Package: kvsetkeys 2019/12/15 v1.18 Key value parser (HO)
)
(/usr/share/texlive/texmf-dist/tex/generic/kvdefinekeys/kvdefinekeys.sty
Package: kvdefinekeys 2019-12-19 v1.6 Define keys (HO)
)
(/usr/share/texlive/texmf-dist/tex/generic/pdfescape/pdfescape.sty
Package: pdfescape 2019/12/09 v1.15 Implements pdfTeX's escape features (HO)
)
(/usr/share/texlive/texmf-dist/tex/latex/hycolor/hycolor.sty
Package: hycolor 2020-01-27 v1.10 Color options for hyperref/bookmark (HO)
)
(/usr/share/texlive/texmf-dist/tex/latex/letltxmacro/letltxmacro.sty
Package: letltxmacro 2019/12/03 v1.6 Let assignment for LaTeX macros (HO)
)
(/usr/share/texlive/texmf-dist/tex/latex/auxhook/auxhook.sty
Package: auxhook 2019-12-17 v1.6 Hooks for auxiliary files (HO)


Package auxhook Warning: Cannot patch \document,
(auxhook)                using \AtBeginDocument instead.

) (/usr/share/texlive/texmf-dist/tex/latex/kvoptions/kvoptions.sty
Package: kvoptions 2020-10-07 v3.14 Key value format for package options (HO)
)
\@linkdim=\dimen180
\Hy@linkcounter=\count305
\Hy@pagecounter=\count306

(/usr/share/texlive/texmf-dist/tex/latex/hyperref/pd1enc.def
File: pd1enc.def 2021-06-07 v7.00m Hyperref: PDFDocEncoding definition (HO)
Now handling font encoding PD1 ...
... no UTF-8 mapping file for font encoding PD1
)
(/usr/share/texlive/texmf-dist/tex/latex/hyperref/hyperref-langpatches.def
File: hyperref-langpatches.def 2021-06-07 v7.00m Hyperref: patches for babel la
nguages
)
(/usr/share/texlive/texmf-dist/tex/generic/intcalc/intcalc.sty
Package: intcalc 2019/12/15 v1.3 Expandable calculations with integers (HO)
)
(/usr/share/texlive/texmf-dist/tex/generic/etexcmds/etexcmds.sty
Package: etexcmds 2019/12/15 v1.7 Avoid name clashes with e-TeX commands (HO)
)
\Hy@SavedSpaceFactor=\count307

(/usr/share/texlive/texmf-dist/tex/latex/hyperref/puenc.def
File: puenc.def 2021-06-07 v7.00m Hyperref: PDF Unicode definition (HO)
Now handling font encoding PU ...
... no UTF-8 mapping file for font encoding PU
)
Package hyperref Info: Hyper figures OFF on input line 4192.
Package hyperref Info: Link nesting OFF on input line 4197.
Package hyperref Info: Hyper index ON on input line 4200.
Package hyperref Info: Plain pages OFF on input line 4207.
Package hyperref Info: Backreferencing OFF on input line 4212.
Package hyperref Info: Implicit mode ON; LaTeX internals redefined.
Package hyperref Info: Bookmarks ON on input line 4445.
\c@Hy@tempcnt=\count308

(/usr/share/texlive/texmf-dist/tex/latex/url/url.sty
\Urlmuskip=\muskip16
Package: url 2013/09/16  ver 3.4  Verb mode for urls, etc.
)
LaTeX Info: Redefining \url on input line 4804.
\XeTeXLinkMargin=\dimen181

(/usr/share/texlive/texmf-dist/tex/generic/bitset/bitset.sty
Package: bitset 2019/12/09 v1.3 Handle bit-vector datatype (HO)

(/usr/share/texlive/texmf-dist/tex/generic/bigintcalc/bigintcalc.sty
Package: bigintcalc 2019/12/15 v1.5 Expandable calculations on big integers (HO
)
))
\Fld@menulength=\count309
\Field@Width=\dimen182
\Fld@charsize=\dimen183
Package hyperref Info: Hyper figures OFF on input line 6076.
Package hyperref Info: Link nesting OFF on input line 6081.
Package hyperref Info: Hyper index ON on input line 6084.
Package hyperref Info: backreferencing OFF on input line 6091.
Package hyperref Info: Link coloring OFF on input line 6096.
Package hyperref Info: Link coloring with OCG OFF on input line 6101.
Package hyperref Info: PDF/A mode OFF on input line 6106.
LaTeX Info: Redefining \ref on input line 6146.
LaTeX Info: Redefining \pageref on input line 6150.

(/usr/share/texlive/texmf-dist/tex/latex/base/atbegshi-ltx.sty
Package: atbegshi-ltx 2021/01/10 v1.0c Emulation of the original atbegshi
package with kernel methods
)
\Hy@abspage=\count310
\c@Item=\count311
\c@Hfootnote=\count312
)
Package hyperref Info: Driver (autodetected): hpdftex.

(/usr/share/texlive/texmf-dist/tex/latex/hyperref/hpdftex.def
File: hpdftex.def 2021-06-07 v7.00m Hyperref driver for pdfTeX

(/usr/share/texlive/texmf-dist/tex/latex/base/atveryend-ltx.sty
Package: atveryend-ltx 2020/08/19 v1.0a Emulation of the original atveryend pac
kage
with kernel methods
)
\Fld@listcount=\count313
\c@bookmark@seq@number=\count314

(/usr/share/texlive/texmf-dist/tex/latex/rerunfilecheck/rerunfilecheck.sty
Package: rerunfilecheck 2019/12/05 v1.9 Rerun checks for auxiliary files (HO)

(/usr/share/texlive/texmf-dist/tex/generic/uniquecounter/uniquecounter.sty
Package: uniquecounter 2019/12/15 v1.4 Provide unlimited unique counter (HO)
)
Package uniquecounter Info: New unique counter `rerunfilecheck' on input line 2
86.
)
\Hy@SectionHShift=\skip51
)
(/usr/share/texlive/texmf-dist/tex/latex/pgfgantt/pgfgantt.sty
Package: pgfgantt 2018/01/10 v5.0 Draw Gantt diagrams with TikZ

(/usr/share/texlive/texmf-dist/tex/latex/pgf/frontendlayer/tikz.sty
(/usr/share/texlive/texmf-dist/tex/latex/pgf/basiclayer/pgf.sty
(/usr/share/texlive/texmf-dist/tex/latex/pgf/utilities/pgfrcs.sty
(/usr/share/texlive/texmf-dist/tex/generic/pgf/utilities/pgfutil-common.tex
\pgfutil@everybye=\toks41
\pgfutil@tempdima=\dimen184
\pgfutil@tempdimb=\dimen185

(/usr/share/texlive/texmf-dist/tex/generic/pgf/utilities/pgfutil-common-lists.t
ex)) (/usr/share/texlive/texmf-dist/tex/generic/pgf/utilities/pgfutil-latex.def
\pgfutil@abb=\box65
) (/usr/share/texlive/texmf-dist/tex/generic/pgf/utilities/pgfrcs.code.tex
(/usr/share/texlive/texmf-dist/tex/generic/pgf/pgf.revision.tex)
Package: pgfrcs 2021/05/15 v3.1.9a (3.1.9a)
))
Package: pgf 2021/05/15 v3.1.9a (3.1.9a)

(/usr/share/texlive/texmf-dist/tex/latex/pgf/basiclayer/pgfcore.sty
(/usr/share/texlive/texmf-dist/tex/latex/pgf/systemlayer/pgfsys.sty
(/usr/share/texlive/texmf-dist/tex/generic/pgf/systemlayer/pgfsys.code.tex
Package: pgfsys 2021/05/15 v3.1.9a (3.1.9a)

(/usr/share/texlive/texmf-dist/tex/generic/pgf/utilities/pgfkeys.code.tex
\pgfkeys@pathtoks=\toks42
\pgfkeys@temptoks=\toks43

(/usr/share/texlive/texmf-dist/tex/generic/pgf/utilities/pgfkeysfiltered.code.t
ex
\pgfkeys@tmptoks=\toks44
))
\pgf@x=\dimen186
\pgf@y=\dimen187
\pgf@xa=\dimen188
\pgf@ya=\dimen189
\pgf@xb=\dimen190
\pgf@yb=\dimen191
\pgf@xc=\dimen192
\pgf@yc=\dimen193
\pgf@xd=\dimen194
\pgf@yd=\dimen195
\w@pgf@writea=\write5
\r@pgf@reada=\read3
\c@pgf@counta=\count315
\c@pgf@countb=\count316
\c@pgf@countc=\count317
\c@pgf@countd=\count318
\t@pgf@toka=\toks45
\t@pgf@tokb=\toks46
\t@pgf@tokc=\toks47
\pgf@sys@id@count=\count319
 (/usr/share/texlive/texmf-dist/tex/generic/pgf/systemlayer/pgf.cfg
File: pgf.cfg 2021/05/15 v3.1.9a (3.1.9a)
)
Driver file for pgf: pgfsys-pdftex.def

(/usr/share/texlive/texmf-dist/tex/generic/pgf/systemlayer/pgfsys-pdftex.def
File: pgfsys-pdftex.def 2021/05/15 v3.1.9a (3.1.9a)

(/usr/share/texlive/texmf-dist/tex/generic/pgf/systemlayer/pgfsys-common-pdf.de
f
File: pgfsys-common-pdf.def 2021/05/15 v3.1.9a (3.1.9a)
)))
(/usr/share/texlive/texmf-dist/tex/generic/pgf/systemlayer/pgfsyssoftpath.code.
tex
File: pgfsyssoftpath.code.tex 2021/05/15 v3.1.9a (3.1.9a)
\pgfsyssoftpath@smallbuffer@items=\count320
\pgfsyssoftpath@bigbuffer@items=\count321
)
(/usr/share/texlive/texmf-dist/tex/generic/pgf/systemlayer/pgfsysprotocol.code.
tex
File: pgfsysprotocol.code.tex 2021/05/15 v3.1.9a (3.1.9a)
)) (/usr/share/texlive/texmf-dist/tex/latex/xcolor/xcolor.sty
Package: xcolor 2021/10/31 v2.13 LaTeX color extensions (UK)

(/usr/share/texlive/texmf-dist/tex/latex/graphics-cfg/color.cfg
File: color.cfg 2016/01/02 v1.6 sample color configuration
)
Package xcolor Info: Driver file: pdftex.def on input line 227.
Package xcolor Info: Model `cmy' substituted by `cmy0' on input line 1352.
Package xcolor Info: Model `hsb' substituted by `rgb' on input line 1356.
Package xcolor Info: Model `RGB' extended on input line 1368.
Package xcolor Info: Model `HTML' substituted by `rgb' on input line 1370.
Package xcolor Info: Model `Hsb' substituted by `hsb' on input line 1371.
Package xcolor Info: Model `tHsb' substituted by `hsb' on input line 1372.
Package xcolor Info: Model `HSB' substituted by `hsb' on input line 1373.
Package xcolor Info: Model `Gray' substituted by `gray' on input line 1374.
Package xcolor Info: Model `wave' substituted by `hsb' on input line 1375.
)
(/usr/share/texlive/texmf-dist/tex/generic/pgf/basiclayer/pgfcore.code.tex
Package: pgfcore 2021/05/15 v3.1.9a (3.1.9a)

(/usr/share/texlive/texmf-dist/tex/generic/pgf/math/pgfmath.code.tex
(/usr/share/texlive/texmf-dist/tex/generic/pgf/math/pgfmathcalc.code.tex
(/usr/share/texlive/texmf-dist/tex/generic/pgf/math/pgfmathutil.code.tex)
(/usr/share/texlive/texmf-dist/tex/generic/pgf/math/pgfmathparser.code.tex
\pgfmath@dimen=\dimen196
\pgfmath@count=\count322
\pgfmath@box=\box66
\pgfmath@toks=\toks48
\pgfmath@stack@operand=\toks49
\pgfmath@stack@operation=\toks50
)
(/usr/share/texlive/texmf-dist/tex/generic/pgf/math/pgfmathfunctions.code.tex
(/usr/share/texlive/texmf-dist/tex/generic/pgf/math/pgfmathfunctions.basic.code
.tex)
(/usr/share/texlive/texmf-dist/tex/generic/pgf/math/pgfmathfunctions.trigonomet
ric.code.tex)
(/usr/share/texlive/texmf-dist/tex/generic/pgf/math/pgfmathfunctions.random.cod
e.tex)
(/usr/share/texlive/texmf-dist/tex/generic/pgf/math/pgfmathfunctions.comparison
.code.tex)
(/usr/share/texlive/texmf-dist/tex/generic/pgf/math/pgfmathfunctions.base.code.
tex)
(/usr/share/texlive/texmf-dist/tex/generic/pgf/math/pgfmathfunctions.round.code
.tex)
(/usr/share/texlive/texmf-dist/tex/generic/pgf/math/pgfmathfunctions.misc.code.
tex)
(/usr/share/texlive/texmf-dist/tex/generic/pgf/math/pgfmathfunctions.integerari
thmetics.code.tex)))
(/usr/share/texlive/texmf-dist/tex/generic/pgf/math/pgfmathfloat.code.tex
\c@pgfmathroundto@lastzeros=\count323
))
(/usr/share/texlive/texmf-dist/tex/generic/pgf/math/pgfint.code.tex)
(/usr/share/texlive/texmf-dist/tex/generic/pgf/basiclayer/pgfcorepoints.code.te
x
File: pgfcorepoints.code.tex 2021/05/15 v3.1.9a (3.1.9a)
\pgf@picminx=\dimen197
\pgf@picmaxx=\dimen198
\pgf@picminy=\dimen199
\pgf@picmaxy=\dimen256
\pgf@pathminx=\dimen257
\pgf@pathmaxx=\dimen258
\pgf@pathminy=\dimen259
\pgf@pathmaxy=\dimen260
\pgf@xx=\dimen261
\pgf@xy=\dimen262
\pgf@yx=\dimen263
\pgf@yy=\dimen264
\pgf@zx=\dimen265
\pgf@zy=\dimen266
)
(/usr/share/texlive/texmf-dist/tex/generic/pgf/basiclayer/pgfcorepathconstruct.
code.tex
File: pgfcorepathconstruct.code.tex 2021/05/15 v3.1.9a (3.1.9a)
\pgf@path@lastx=\dimen267
\pgf@path@lasty=\dimen268
)
(/usr/share/texlive/texmf-dist/tex/generic/pgf/basiclayer/pgfcorepathusage.code
.tex
File: pgfcorepathusage.code.tex 2021/05/15 v3.1.9a (3.1.9a)
\pgf@shorten@end@additional=\dimen269
\pgf@shorten@start@additional=\dimen270
)
(/usr/share/texlive/texmf-dist/tex/generic/pgf/basiclayer/pgfcorescopes.code.te
x
File: pgfcorescopes.code.tex 2021/05/15 v3.1.9a (3.1.9a)
\pgfpic=\box67
\pgf@hbox=\box68
\pgf@layerbox@main=\box69
\pgf@picture@serial@count=\count324
)
(/usr/share/texlive/texmf-dist/tex/generic/pgf/basiclayer/pgfcoregraphicstate.c
ode.tex
File: pgfcoregraphicstate.code.tex 2021/05/15 v3.1.9a (3.1.9a)
\pgflinewidth=\dimen271
)
(/usr/share/texlive/texmf-dist/tex/generic/pgf/basiclayer/pgfcoretransformation
s.code.tex
File: pgfcoretransformations.code.tex 2021/05/15 v3.1.9a (3.1.9a)
\pgf@pt@x=\dimen272
\pgf@pt@y=\dimen273
\pgf@pt@temp=\dimen274
)
(/usr/share/texlive/texmf-dist/tex/generic/pgf/basiclayer/pgfcorequick.code.tex
File: pgfcorequick.code.tex 2021/05/15 v3.1.9a (3.1.9a)
)
(/usr/share/texlive/texmf-dist/tex/generic/pgf/basiclayer/pgfcoreobjects.code.t
ex
File: pgfcoreobjects.code.tex 2021/05/15 v3.1.9a (3.1.9a)
)
(/usr/share/texlive/texmf-dist/tex/generic/pgf/basiclayer/pgfcorepathprocessing
.code.tex
File: pgfcorepathprocessing.code.tex 2021/05/15 v3.1.9a (3.1.9a)
)
(/usr/share/texlive/texmf-dist/tex/generic/pgf/basiclayer/pgfcorearrows.code.te
x
File: pgfcorearrows.code.tex 2021/05/15 v3.1.9a (3.1.9a)
\pgfarrowsep=\dimen275
)
(/usr/share/texlive/texmf-dist/tex/generic/pgf/basiclayer/pgfcoreshade.code.tex
File: pgfcoreshade.code.tex 2021/05/15 v3.1.9a (3.1.9a)
\pgf@max=\dimen276
\pgf@sys@shading@range@num=\count325
\pgf@shadingcount=\count326
)
(/usr/share/texlive/texmf-dist/tex/generic/pgf/basiclayer/pgfcoreimage.code.tex
File: pgfcoreimage.code.tex 2021/05/15 v3.1.9a (3.1.9a)

(/usr/share/texlive/texmf-dist/tex/generic/pgf/basiclayer/pgfcoreexternal.code.
tex
File: pgfcoreexternal.code.tex 2021/05/15 v3.1.9a (3.1.9a)
\pgfexternal@startupbox=\box70
))
(/usr/share/texlive/texmf-dist/tex/generic/pgf/basiclayer/pgfcorelayers.code.te
x
File: pgfcorelayers.code.tex 2021/05/15 v3.1.9a (3.1.9a)
)
(/usr/share/texlive/texmf-dist/tex/generic/pgf/basiclayer/pgfcoretransparency.c
ode.tex
File: pgfcoretransparency.code.tex 2021/05/15 v3.1.9a (3.1.9a)
)
(/usr/share/texlive/texmf-dist/tex/generic/pgf/basiclayer/pgfcorepatterns.code.
tex
File: pgfcorepatterns.code.tex 2021/05/15 v3.1.9a (3.1.9a)
)
(/usr/share/texlive/texmf-dist/tex/generic/pgf/basiclayer/pgfcorerdf.code.tex
File: pgfcorerdf.code.tex 2021/05/15 v3.1.9a (3.1.9a)
)))
(/usr/share/texlive/texmf-dist/tex/generic/pgf/modules/pgfmoduleshapes.code.tex
File: pgfmoduleshapes.code.tex 2021/05/15 v3.1.9a (3.1.9a)
\pgfnodeparttextbox=\box71
) (/usr/share/texlive/texmf-dist/tex/generic/pgf/modules/pgfmoduleplot.code.tex
File: pgfmoduleplot.code.tex 2021/05/15 v3.1.9a (3.1.9a)
)
(/usr/share/texlive/texmf-dist/tex/latex/pgf/compatibility/pgfcomp-version-0-65
.sty
Package: pgfcomp-version-0-65 2021/05/15 v3.1.9a (3.1.9a)
\pgf@nodesepstart=\dimen277
\pgf@nodesepend=\dimen278
)
(/usr/share/texlive/texmf-dist/tex/latex/pgf/compatibility/pgfcomp-version-1-18
.sty
Package: pgfcomp-version-1-18 2021/05/15 v3.1.9a (3.1.9a)
)) (/usr/share/texlive/texmf-dist/tex/latex/pgf/utilities/pgffor.sty
(/usr/share/texlive/texmf-dist/tex/latex/pgf/utilities/pgfkeys.sty
(/usr/share/texlive/texmf-dist/tex/generic/pgf/utilities/pgfkeys.code.tex))
(/usr/share/texlive/texmf-dist/tex/latex/pgf/math/pgfmath.sty
(/usr/share/texlive/texmf-dist/tex/generic/pgf/math/pgfmath.code.tex))
(/usr/share/texlive/texmf-dist/tex/generic/pgf/utilities/pgffor.code.tex
Package: pgffor 2021/05/15 v3.1.9a (3.1.9a)

(/usr/share/texlive/texmf-dist/tex/generic/pgf/math/pgfmath.code.tex)
\pgffor@iter=\dimen279
\pgffor@skip=\dimen280
\pgffor@stack=\toks51
\pgffor@toks=\toks52
))
(/usr/share/texlive/texmf-dist/tex/generic/pgf/frontendlayer/tikz/tikz.code.tex
Package: tikz 2021/05/15 v3.1.9a (3.1.9a)

(/usr/share/texlive/texmf-dist/tex/generic/pgf/libraries/pgflibraryplothandlers
.code.tex
File: pgflibraryplothandlers.code.tex 2021/05/15 v3.1.9a (3.1.9a)
\pgf@plot@mark@count=\count327
\pgfplotmarksize=\dimen281
)
\tikz@lastx=\dimen282
\tikz@lasty=\dimen283
\tikz@lastxsaved=\dimen284
\tikz@lastysaved=\dimen285
\tikz@lastmovetox=\dimen286
\tikz@lastmovetoy=\dimen287
\tikzleveldistance=\dimen288
\tikzsiblingdistance=\dimen289
\tikz@figbox=\box72
\tikz@figbox@bg=\box73
\tikz@tempbox=\box74
\tikz@tempbox@bg=\box75
\tikztreelevel=\count328
\tikznumberofchildren=\count329
\tikznumberofcurrentchild=\count330
\tikz@fig@count=\count331

(/usr/share/texlive/texmf-dist/tex/generic/pgf/modules/pgfmodulematrix.code.tex
File: pgfmodulematrix.code.tex 2021/05/15 v3.1.9a (3.1.9a)
\pgfmatrixcurrentrow=\count332
\pgfmatrixcurrentcolumn=\count333
\pgf@matrix@numberofcolumns=\count334
)
\tikz@expandcount=\count335

(/usr/share/texlive/texmf-dist/tex/generic/pgf/frontendlayer/tikz/libraries/tik
zlibrarytopaths.code.tex
File: tikzlibrarytopaths.code.tex 2021/05/15 v3.1.9a (3.1.9a)
)))
(/usr/share/texlive/texmf-dist/tex/generic/pgf/frontendlayer/tikz/libraries/tik
zlibraryarrows.code.tex
File: tikzlibraryarrows.code.tex 2021/05/15 v3.1.9a (3.1.9a)

(/usr/share/texlive/texmf-dist/tex/generic/pgf/libraries/pgflibraryarrows.code.
tex
File: pgflibraryarrows.code.tex 2021/05/15 v3.1.9a (3.1.9a)
\arrowsize=\dimen290
))
(/usr/share/texlive/texmf-dist/tex/generic/pgf/frontendlayer/tikz/libraries/tik
zlibrarybackgrounds.code.tex
File: tikzlibrarybackgrounds.code.tex 2021/05/15 v3.1.9a (3.1.9a)
\pgf@layerbox@background=\box76
\pgf@layerboxsaved@background=\box77
)
(/usr/share/texlive/texmf-dist/tex/generic/pgf/frontendlayer/tikz/libraries/tik
zlibrarycalc.code.tex
File: tikzlibrarycalc.code.tex 2021/05/15 v3.1.9a (3.1.9a)
)
(/usr/share/texlive/texmf-dist/tex/generic/pgf/frontendlayer/tikz/libraries/tik
zlibrarypatterns.code.tex
File: tikzlibrarypatterns.code.tex 2021/05/15 v3.1.9a (3.1.9a)

(/usr/share/texlive/texmf-dist/tex/generic/pgf/libraries/pgflibrarypatterns.cod
e.tex
File: pgflibrarypatterns.code.tex 2021/05/15 v3.1.9a (3.1.9a)
))
(/usr/share/texlive/texmf-dist/tex/generic/pgf/frontendlayer/tikz/libraries/tik
zlibrarypositioning.code.tex
File: tikzlibrarypositioning.code.tex 2021/05/15 v3.1.9a (3.1.9a)
)
(/usr/share/texlive/texmf-dist/tex/generic/pgf/frontendlayer/tikz/libraries/tik
zlibraryshapes.geometric.code.tex
File: tikzlibraryshapes.geometric.code.tex 2021/05/15 v3.1.9a (3.1.9a)

(/usr/share/texlive/texmf-dist/tex/generic/pgf/libraries/shapes/pgflibraryshape
s.geometric.code.tex
File: pgflibraryshapes.geometric.code.tex 2021/05/15 v3.1.9a (3.1.9a)
))
(/usr/share/texlive/texmf-dist/tex/latex/pgf/utilities/pgfcalendar.sty
(/usr/share/texlive/texmf-dist/tex/generic/pgf/utilities/pgfcalendar.code.tex
File: pgfcalendar.code.tex 2021/05/15 v3.1.9a (3.1.9a)

(/usr/share/texlive/texmf-dist/tex/generic/pgf/math/pgfint.code.tex)
\pgfcalendarcurrentjulian=\count336
\pgf@cal@easter@Y=\count337
\pgf@cal@easter@G=\count338
\pgf@cal@easter@C=\count339
\pgf@cal@easter@X=\count340
\pgf@cal@easter@Z=\count341
\pgf@cal@easter@D=\count342
\pgf@cal@easter@E=\count343
\pgf@cal@easter@N=\count344
\pgf@cal@easter@M=\count345
\pgf@cal@easter@julianday=\count346
))
\gtt@currentline=\count347
\gtt@lasttitleline=\count348
\gtt@currgrid=\count349
\gtt@chartwidth=\count350
\gtt@lasttitleslot=\count351
\gtt@elementid=\count352
\gtt@today@slot=\count353
\gtt@startjulian=\count354
\gtt@endjulian=\count355
\gtt@chartid=\count356
\gtt@vrule@slot=\count357
\gtt@calendar@slots=\count358
\gtt@calendar@weeknumber=\count359
\gtt@calendar@startofweek=\count360
\gtt@left@slot=\count361
\gtt@right@slot=\count362
)
Package hyperref Info: Option `colorlinks' set `true' on input line 22.

(/usr/share/texlive/texmf-dist/tex/latex/tools/array.sty
Package: array 2021/10/04 v2.5f Tabular extension package (FMi)
\col@sep=\dimen291
\ar@mcellbox=\box78
\extrarowheight=\dimen292
\NC@list=\toks53
\extratabsurround=\skip52
\backup@length=\skip53
\ar@cellbox=\box79
)
(/usr/share/texlive/texmf-dist/tex/latex/tools/tabularx.sty
Package: tabularx 2020/01/15 v2.11c `tabularx' package (DPC)
\TX@col@width=\dimen293
\TX@old@table=\dimen294
\TX@old@col=\dimen295
\TX@target=\dimen296
\TX@delta=\dimen297
\TX@cols=\count363
\TX@ftn=\toks54
)
(/usr/share/texlive/texmf-dist/tex/latex/titlesec/titlesec.sty
Package: titlesec 2021/07/05 v2.14 Sectioning titles
\ttl@box=\box80
\beforetitleunit=\skip54
\aftertitleunit=\skip55
\ttl@plus=\dimen298
\ttl@minus=\dimen299
\ttl@toksa=\toks55
\titlewidth=\dimen300
\titlewidthlast=\dimen301
\titlewidthfirst=\dimen302
)
(/usr/share/texlive/texmf-dist/tex/latex/makecell/makecell.sty
Package: makecell 2009/08/03 V0.1e Managing of Tab Column Heads and Cells
\rotheadsize=\dimen303
\c@nlinenum=\count364
\TeXr@lab=\toks56
)
(/usr/share/texlive/texmf-dist/tex/latex/amsfonts/amssymb.sty
Package: amssymb 2013/01/14 v3.01 AMS font symbols

(/usr/share/texlive/texmf-dist/tex/latex/amsfonts/amsfonts.sty
Package: amsfonts 2013/01/14 v3.01 Basic AMSFonts support
\@emptytoks=\toks57
\symAMSa=\mathgroup4
\symAMSb=\mathgroup5
LaTeX Font Info:    Redeclaring math symbol \hbar on input line 98.
LaTeX Font Info:    Overwriting math alphabet `\mathfrak' in version `bold'
(Font)                  U/euf/m/n --> U/euf/b/n on input line 106.
))
(/usr/share/texlive/texmf-dist/tex/latex/amscls/amsthm.sty
Package: amsthm 2020/05/29 v2.20.6
\thm@style=\toks58
\thm@bodyfont=\toks59
\thm@headfont=\toks60
\thm@notefont=\toks61
\thm@headpunct=\toks62
\thm@preskip=\skip56
\thm@postskip=\skip57
\thm@headsep=\skip58
\dth@everypar=\toks63
)
(/usr/share/texlive/texmf-dist/tex/latex/mathtools/mathtools.sty
Package: mathtools 2021/02/02 v1.28 mathematical typesetting tools

(/usr/share/texlive/texmf-dist/tex/latex/tools/calc.sty
Package: calc 2017/05/25 v4.3 Infix arithmetic (KKT,FJ)
\calc@Acount=\count365
\calc@Bcount=\count366
\calc@Adimen=\dimen304
\calc@Bdimen=\dimen305
\calc@Askip=\skip59
\calc@Bskip=\skip60
LaTeX Info: Redefining \setlength on input line 80.
LaTeX Info: Redefining \addtolength on input line 81.
\calc@Ccount=\count367
\calc@Cskip=\skip61
)
(/usr/share/texlive/texmf-dist/tex/latex/mathtools/mhsetup.sty
Package: mhsetup 2021/03/18 v1.4 programming setup (MH)
)
(/usr/share/texlive/texmf-dist/tex/latex/amsmath/amsmath.sty
Package: amsmath 2021/10/15 v2.17l AMS math features
\@mathmargin=\skip62

For additional information on amsmath, use the `?' option.
(/usr/share/texlive/texmf-dist/tex/latex/amsmath/amstext.sty
Package: amstext 2021/08/26 v2.01 AMS text

(/usr/share/texlive/texmf-dist/tex/latex/amsmath/amsgen.sty
File: amsgen.sty 1999/11/30 v2.0 generic functions
\@emptytoks=\toks64
\ex@=\dimen306
))
(/usr/share/texlive/texmf-dist/tex/latex/amsmath/amsbsy.sty
Package: amsbsy 1999/11/29 v1.2d Bold Symbols
\pmbraise@=\dimen307
)
(/usr/share/texlive/texmf-dist/tex/latex/amsmath/amsopn.sty
Package: amsopn 2021/08/26 v2.02 operator names
)
\inf@bad=\count368
LaTeX Info: Redefining \frac on input line 234.
\uproot@=\count369
\leftroot@=\count370
LaTeX Info: Redefining \overline on input line 399.
\classnum@=\count371
\DOTSCASE@=\count372
LaTeX Info: Redefining \ldots on input line 496.
LaTeX Info: Redefining \dots on input line 499.
LaTeX Info: Redefining \cdots on input line 620.
\Mathstrutbox@=\box81
\strutbox@=\box82
\big@size=\dimen308
LaTeX Font Info:    Redeclaring font encoding OML on input line 743.
LaTeX Font Info:    Redeclaring font encoding OMS on input line 744.
\macc@depth=\count373
\c@MaxMatrixCols=\count374
\dotsspace@=\muskip17
\c@parentequation=\count375
\dspbrk@lvl=\count376
\tag@help=\toks65
\row@=\count377
\column@=\count378
\maxfields@=\count379
\andhelp@=\toks66
\eqnshift@=\dimen309
\alignsep@=\dimen310
\tagshift@=\dimen311
\tagwidth@=\dimen312
\totwidth@=\dimen313
\lineht@=\dimen314
\@envbody=\toks67
\multlinegap=\skip63
\multlinetaggap=\skip64
\mathdisplay@stack=\toks68
LaTeX Info: Redefining \[ on input line 2938.
LaTeX Info: Redefining \] on input line 2939.
)
\g_MT_multlinerow_int=\count380
\l_MT_multwidth_dim=\dimen315
\origjot=\skip65
\l_MT_shortvdotswithinadjustabove_dim=\dimen316
\l_MT_shortvdotswithinadjustbelow_dim=\dimen317
\l_MT_above_intertext_sep=\dimen318
\l_MT_below_intertext_sep=\dimen319
\l_MT_above_shortintertext_sep=\dimen320
\l_MT_below_shortintertext_sep=\dimen321
\xmathstrut@box=\box83
\xmathstrut@dim=\dimen322
)
(/usr/share/texlive/texmf-dist/tex/latex/graphics/rotating.sty
Package: rotating 2016/08/11 v2.16d rotated objects in LaTeX

(/usr/share/texlive/texmf-dist/tex/latex/base/ifthen.sty
Package: ifthen 2020/11/24 v1.1c Standard LaTeX ifthen package (DPC)
)
\c@r@tfl@t=\count381
\rotFPtop=\skip66
\rotFPbot=\skip67
\rot@float@box=\box84
\rot@mess@toks=\toks69
)
(/usr/share/texlive/texmf-dist/tex/latex/colortbl/colortbl.sty
Package: colortbl 2020/01/04 v1.0e Color table columns (DPC)
\everycr=\toks70
\minrowclearance=\skip68
)
(/usr/share/texlive/texmf-dist/tex/latex/enumitem/enumitem.sty
Package: enumitem 2019/06/20 v3.9 Customized lists
\labelindent=\skip69
\enit@outerparindent=\dimen323
\enit@toks=\toks71
\enit@inbox=\box85
\enit@count@id=\count382
\enitdp@description=\count383
)
(/usr/share/texlive/texmf-dist/tex/latex/nomencl/nomencl.sty
Package: nomencl 2021/11/10 v5.6 Nomenclature package

(/usr/share/texlive/texmf-dist/tex/latex/xkeyval/xkeyval.sty
Package: xkeyval 2020/11/20 v2.8 package option processing (HA)

(/usr/share/texlive/texmf-dist/tex/generic/xkeyval/xkeyval.tex
(/usr/share/texlive/texmf-dist/tex/generic/xkeyval/xkvutils.tex
\XKV@toks=\toks72
\XKV@tempa@toks=\toks73
)
\XKV@depth=\count384
File: xkeyval.tex 2014/12/03 v2.7a key=value parser (HA)
))
(/usr/share/texlive/texmf-dist/tex/latex/koma-script/tocbasic.sty
Package: tocbasic 2021/11/13 v3.35 KOMA-Script package (handling toc-files)

(/usr/share/texlive/texmf-dist/tex/latex/koma-script/scrbase.sty
Package: scrbase 2021/11/13 v3.35 KOMA-Script package (KOMA-Script-independent 
basics and keyval usage)

(/usr/share/texlive/texmf-dist/tex/latex/koma-script/scrlfile.sty
Package: scrlfile 2021/11/13 v3.35 KOMA-Script package (file load hooks)

(/usr/share/texlive/texmf-dist/tex/latex/koma-script/scrlfile-hook.sty
Package: scrlfile-hook 2021/11/13 v3.35 KOMA-Script package (using LaTeX hooks)


(/usr/share/texlive/texmf-dist/tex/latex/koma-script/scrlogo.sty
Package: scrlogo 2021/11/13 v3.35 KOMA-Script package (logo)
)))
Applying: [2021/05/01] Usage of raw or classic option list on input line 252.
Already applied: [0000/00/00] Usage of raw or classic option list on input line
 368.
)
\scr@dte@tocline@numberwidth=\skip70
\scr@dte@tocline@numbox=\box86
)
Package tocbasic Info: setting babel extension for `nlo' on input line 187.
Package tocbasic Info: setting babel extension for `nls' on input line 188.
\nomlabelwidth=\dimen324
\nom@tempdim=\dimen325
\nomitemsep=\skip71
)
(/usr/share/texlive/texmf-dist/tex/latex/base/latexsym.sty
Package: latexsym 1998/08/17 v2.2e Standard LaTeX package (lasy symbols)
\symlasy=\mathgroup6
LaTeX Font Info:    Overwriting symbol font `lasy' in version `bold'
(Font)                  U/lasy/m/n --> U/lasy/b/n on input line 52.
)
(/usr/share/texlive/texmf-dist/tex/latex/bookmark/bookmark.sty
Package: bookmark 2020-11-06 v1.29 PDF bookmarks (HO)

(/usr/share/texlive/texmf-dist/tex/latex/bookmark/bkm-pdftex.def
File: bkm-pdftex.def 2020-11-06 v1.29 bookmark driver for pdfTeX (HO)
\BKM@id=\count385
))
(/usr/share/texlive/texmf-dist/tex/latex/caption/subcaption.sty
Package: subcaption 2020/10/07 v1.3j Sub-captions (AR)

(/usr/share/texlive/texmf-dist/tex/latex/caption/caption.sty
Package: caption 2020/10/26 v3.5g Customizing captions (AR)

(/usr/share/texlive/texmf-dist/tex/latex/caption/caption3.sty
Package: caption3 2020/10/21 v2.2e caption3 kernel (AR)
\captionmargin=\dimen326
\captionmargin@=\dimen327
\captionwidth=\dimen328
\caption@tempdima=\dimen329
\caption@indent=\dimen330
\caption@parindent=\dimen331
\caption@hangindent=\dimen332
Package caption Info: Standard document class detected.
Package caption Info: french babel package is loaded.
)
\c@caption@flags=\count386
\c@continuedfloat=\count387
Package caption Info: hyperref package is loaded.
Package caption Info: rotating package is loaded.
)
\c@subfigure=\count388
\c@subtable=\count389
)
(/usr/share/texlive/texmf-dist/tex/latex/float/float.sty
Package: float 2001/11/08 v1.3d Float enhancements (AL)
\c@float@type=\count390
\float@exts=\toks74
\float@box=\box87
\@float@everytoks=\toks75
\@floatcapt=\box88
)
(/usr/share/texlive/texmf-dist/tex/latex/multirow/multirow.sty
Package: multirow 2021/03/15 v2.8 Span multiple rows of a table
\multirow@colwidth=\skip72
\multirow@cntb=\count391
\multirow@dima=\skip73
\bigstrutjot=\dimen333
)
(/usr/share/texlive/texmf-dist/tex/latex/algorithms/algorithm.sty
Package: algorithm 2009/08/24 v0.1 Document Style `algorithm' - floating enviro
nment
\@float@every@algorithm=\toks76
\c@algorithm=\count392
)
(/usr/share/texlive/texmf-dist/tex/latex/algorithms/algorithmic.sty
Package: algorithmic 2009/08/24 v0.1 Document Style `algorithmic'
\c@ALC@unique=\count393
\c@ALC@line=\count394
\c@ALC@rem=\count395
\c@ALC@depth=\count396
\ALC@tlm=\skip74
\algorithmicindent=\skip75
)
(/usr/share/texlive/texmf-dist/tex/latex/glossaries/base/glossaries.sty
Package: glossaries 2021/11/01 v4.49 (NLCT)

(/usr/share/texlive/texmf-dist/tex/latex/mfirstuc/mfirstuc.sty
Package: mfirstuc 2021/10/15 v2.07 (NLCT)

(/usr/share/texlive/texmf-dist/tex/latex/etoolbox/etoolbox.sty
Package: etoolbox 2020/10/05 v2.5k e-TeX tools for LaTeX (JAW)
\etb@tempcnta=\count397
)
\@glsmfirst=\toks77
\@glsmrest=\toks78
)
(/usr/share/texlive/texmf-dist/tex/latex/textcase/textcase.sty
Package: textcase 2019/09/14 v1.00 Text only upper/lower case changing (DPC)
)
(/usr/share/texlive/texmf-dist/tex/latex/xfor/xfor.sty
Package: xfor 2009/02/05 v1.05 (NLCT)
)
(/usr/share/texlive/texmf-dist/tex/latex/datatool/datatool-base.sty
Package: datatool-base 2019/09/27 v2.32 (NLCT)

(/usr/share/texlive/texmf-dist/tex/latex/substr/substr.sty
Package: substr 2009/10/20 v1.2 Handle substrings
\c@su@anzahl=\count398
)
(/usr/share/texlive/texmf-dist/tex/latex/datatool/datatool-fp.sty
Package: datatool-fp 2019/09/27 v2.32 (NLCT)

(/usr/share/texlive/texmf-dist/tex/latex/fp/fp.sty
Package: fp 1995/04/02

`Fixed Point Package', Version 0.8, April 2, 1995 (C) Michael Mehlich
(/usr/share/texlive/texmf-dist/tex/latex/fp/defpattern.sty
Package: defpattern 1994/10/12
\actioncount=\count399
)
(/usr/share/texlive/texmf-dist/tex/latex/fp/fp-basic.sty
Package: fp-basic 1996/05/13
\FP@xs=\count400
\FP@xia=\count401
\FP@xib=\count402
\FP@xfa=\count403
\FP@xfb=\count404
\FP@rega=\count405
\FP@regb=\count406
\FP@regs=\count407
\FP@times=\count408
)
(/usr/share/texlive/texmf-dist/tex/latex/fp/fp-addons.sty
Package: fp-addons 1995/03/15
)
(/usr/share/texlive/texmf-dist/tex/latex/fp/fp-snap.sty
Package: fp-snap 1995/04/05
)
(/usr/share/texlive/texmf-dist/tex/latex/fp/fp-exp.sty
Package: fp-exp 1995/04/03
)
(/usr/share/texlive/texmf-dist/tex/latex/fp/fp-trigo.sty
Package: fp-trigo 1995/04/14
)
(/usr/share/texlive/texmf-dist/tex/latex/fp/fp-pas.sty
Package: fp-pas 1994/08/29
)
(/usr/share/texlive/texmf-dist/tex/latex/fp/fp-random.sty
Package: fp-random 1995/02/23
\FPseed=\count409
)
(/usr/share/texlive/texmf-dist/tex/latex/fp/fp-eqn.sty
Package: fp-eqn 1995/04/03
)
(/usr/share/texlive/texmf-dist/tex/latex/fp/fp-upn.sty
Package: fp-upn 1996/10/21
)
(/usr/share/texlive/texmf-dist/tex/latex/fp/fp-eval.sty
Package: fp-eval 1995/04/03
)))
\@dtl@toks=\toks79
\@dtl@tmpcount=\count410
\dtl@tmplength=\skip76
\dtl@sortresult=\count411
\@dtl@numgrpsepcount=\count412
\@dtl@datatype=\count413
\dtl@codeA=\count414
\dtl@codeB=\count415
\@dtl@foreach@level=\count416
)
(/usr/share/texlive/texmf-dist/tex/latex/glossaries/base/glossaries-compatible-
307.sty
Package: glossaries-compatible-307 2021/11/01 v4.49 (NLCT)
) (/usr/share/texlive/texmf-dist/tex/latex/tracklang/tracklang.sty
Package: tracklang 2020/06/30 v1.5 (NLCT) Track Languages

(/usr/share/texlive/texmf-dist/tex/generic/tracklang/tracklang.tex))
(/usr/share/texlive/texmf-dist/tex/latex/translator/translator.sty
Package: translator 2021-05-31 v1.12d Easy translation of strings in LaTeX
LaTeX Info: Redefining \translate on input line 184.
)
(/usr/share/texlive/texmf-dist/tex/latex/glossaries-french/glossaries-french.ld
f
File: glossaries-french.ldf 2016/12/12 v1.1
)
\gls@level=\count417
\@gls@tmpb=\toks80
\gls@tmplen=\skip77
\glskeylisttok=\toks81
\glslabeltok=\toks82
\glsshorttok=\toks83
\glslongtok=\toks84

(/usr/share/texlive/texmf-dist/tex/latex/glossaries/styles/glossary-hypernav.st
y
Package: glossary-hypernav 2021/11/01 v4.49 (NLCT)
) (/usr/share/texlive/texmf-dist/tex/latex/glossaries/styles/glossary-list.sty
Package: glossary-list 2021/11/01 v4.49 (NLCT)
\glslistdottedwidth=\skip78
) (/usr/share/texlive/texmf-dist/tex/latex/glossaries/styles/glossary-long.sty
Package: glossary-long 2021/11/01 v4.49 (NLCT)

(/usr/share/texlive/texmf-dist/tex/latex/tools/longtable.sty
Package: longtable 2021-09-01 v4.17 Multi-page Table package (DPC)
\LTleft=\skip79
\LTright=\skip80
\LTpre=\skip81
\LTpost=\skip82
\LTchunksize=\count418
\LTcapwidth=\dimen334
\LT@head=\box89
\LT@firsthead=\box90
\LT@foot=\box91
\LT@lastfoot=\box92
\LT@gbox=\box93
\LT@cols=\count419
\LT@rows=\count420
\c@LT@tables=\count421
\c@LT@chunks=\count422
\LT@p@ftn=\toks85
)
\glsdescwidth=\skip83
\glspagelistwidth=\skip84
)
(/usr/share/texlive/texmf-dist/tex/latex/glossaries/styles/glossary-super.sty
Package: glossary-super 2021/11/01 v4.49 (NLCT)

(/usr/share/texlive/texmf-dist/tex/latex/supertabular/supertabular.sty
Package: supertabular 2020/02/02 v4.1g the supertabular environment
\c@tracingst=\count423
\ST@wd=\dimen335
\ST@rightskip=\skip85
\ST@leftskip=\skip86
\ST@parfillskip=\skip87
\ST@pageleft=\dimen336
\ST@headht=\dimen337
\ST@tailht=\dimen338
\ST@pagesofar=\dimen339
\ST@pboxht=\dimen340
\ST@lineht=\dimen341
\ST@prevht=\dimen342
\ST@toadd=\dimen343
\ST@dimen=\dimen344
\ST@pbox=\box94
))
(/usr/share/texlive/texmf-dist/tex/latex/glossaries/styles/glossary-tree.sty
Package: glossary-tree 2021/11/01 v4.49 (NLCT)
\glstreeindent=\skip88
))
(/usr/share/texlive/texmf-dist/tex/latex/lipsum/lipsum.sty
(/usr/share/texlive/texmf-dist/tex/latex/l3packages/l3keys2e/l3keys2e.sty
(/usr/share/texlive/texmf-dist/tex/latex/l3kernel/expl3.sty
Package: expl3 2022-01-21 L3 programming layer (loader) 

(/usr/share/texlive/texmf-dist/tex/latex/l3backend/l3backend-pdftex.def
File: l3backend-pdftex.def 2022-01-12 L3 backend support: PDF output (pdfTeX)
\l__color_backend_stack_int=\count424
\l__pdf_internal_box=\box95
))
Package: l3keys2e 2022-01-12 LaTeX2e option processing using LaTeX3 keys
)
Package: lipsum 2021-09-20 v2.7 150 paragraphs of Lorem Ipsum dummy text
\g__lipsum_par_int=\count425
\l__lipsum_a_int=\count426
\l__lipsum_b_int=\count427

(/usr/share/texlive/texmf-dist/tex/latex/lipsum/lipsum.ltd.tex))
(/usr/share/texlive/texmf-dist/tex/latex/tools/verbatim.sty
Package: verbatim 2020-07-07 v1.5u LaTeX2e package for verbatim enhancements
\every@verbatim=\toks86
\verbatim@line=\toks87
\verbatim@in@stream=\read4
)
(/usr/share/texlive/texmf-dist/tex/latex/adjustbox/adjustbox.sty
Package: adjustbox 2020/08/19 v1.3 Adjusting TeX boxes (trim, clip, ...)

(/usr/share/texlive/texmf-dist/tex/latex/adjustbox/adjcalc.sty
Package: adjcalc 2012/05/16 v1.1 Provides advanced setlength with multiple back
-ends (calc, etex, pgfmath)
)
(/usr/share/texlive/texmf-dist/tex/latex/adjustbox/trimclip.sty
Package: trimclip 2020/08/19 v1.2 Trim and clip general TeX material

(/usr/share/texlive/texmf-dist/tex/latex/collectbox/collectbox.sty
Package: collectbox 2012/05/17 v0.4b Collect macro arguments as boxes
\collectedbox=\box96
)
\tc@llx=\dimen345
\tc@lly=\dimen346
\tc@urx=\dimen347
\tc@ury=\dimen348
Package trimclip Info: Using driver 'tc-pdftex.def'.

(/usr/share/texlive/texmf-dist/tex/latex/adjustbox/tc-pdftex.def
File: tc-pdftex.def 2019/01/04 v2.2 Clipping driver for pdftex
))
\adjbox@Width=\dimen349
\adjbox@Height=\dimen350
\adjbox@Depth=\dimen351
\adjbox@Totalheight=\dimen352
\adjbox@pwidth=\dimen353
\adjbox@pheight=\dimen354
\adjbox@pdepth=\dimen355
\adjbox@ptotalheight=\dimen356

(/usr/share/texlive/texmf-dist/tex/latex/ifoddpage/ifoddpage.sty
Package: ifoddpage 2016/04/23 v1.1 Conditionals for odd/even page detection
\c@checkoddpage=\count428
)
(/usr/share/texlive/texmf-dist/tex/latex/varwidth/varwidth.sty
Package: varwidth 2009/03/30 ver 0.92;  Variable-width minipages
\@vwid@box=\box97
\sift@deathcycles=\count429
\@vwid@loff=\dimen357
\@vwid@roff=\dimen358
))
(./document.aux

LaTeX Warning: Label `4.1' multiply defined.


LaTeX Warning: Label `4.1' multiply defined.


LaTeX Warning: Label `4.1' multiply defined.


LaTeX Warning: Label `4.1' multiply defined.


LaTeX Warning: Label `fig4:classT' multiply defined.


LaTeX Warning: Label `fig:birds' multiply defined.


LaTeX Warning: Label `fig:birds' multiply defined.


LaTeX Warning: Label `fig.SICAPI' multiply defined.


LaTeX Warning: Label `sub@fig.SICAPI' multiply defined.


LaTeX Warning: Label `fig.painel_sicapi' multiply defined.


LaTeX Warning: Label `sub@fig.painel_sicapi' multiply defined.


LaTeX Warning: Label `fig.painel_sicapi' multiply defined.


LaTeX Warning: Label `sub@fig.painel_sicapi' multiply defined.


LaTeX Warning: Label `fig.sicapi' multiply defined.


LaTeX Warning: Label `fig:y equals x' multiply defined.


LaTeX Warning: Label `sub@fig:y equals x' multiply defined.


LaTeX Warning: Label `fig:three sin x' multiply defined.


LaTeX Warning: Label `sub@fig:three sin x' multiply defined.


LaTeX Warning: Label `fig:five over x' multiply defined.


LaTeX Warning: Label `sub@fig:five over x' multiply defined.


LaTeX Warning: Label `fig:y equals x' multiply defined.


LaTeX Warning: Label `sub@fig:y equals x' multiply defined.


LaTeX Warning: Label `fig:three sin x' multiply defined.


LaTeX Warning: Label `sub@fig:three sin x' multiply defined.


LaTeX Warning: Label `fig:five over x' multiply defined.


LaTeX Warning: Label `sub@fig:five over x' multiply defined.


LaTeX Warning: Label `fig:example' multiply defined.


LaTeX Warning: Label `fig:y equals x' multiply defined.


LaTeX Warning: Label `sub@fig:y equals x' multiply defined.


LaTeX Warning: Label `fig:three sin x' multiply defined.


LaTeX Warning: Label `sub@fig:three sin x' multiply defined.


LaTeX Warning: Label `fig:five over x' multiply defined.


LaTeX Warning: Label `sub@fig:five over x' multiply defined.


LaTeX Warning: Label `fig.SICAPI' multiply defined.


LaTeX Warning: Label `sub@fig.SICAPI' multiply defined.


LaTeX Warning: Label `fig.painel_sicapi' multiply defined.


LaTeX Warning: Label `sub@fig.painel_sicapi' multiply defined.


LaTeX Warning: Label `fig:example' multiply defined.


LaTeX Warning: Label `fig:example' multiply defined.


LaTeX Warning: Label `fig:y equals x' multiply defined.


LaTeX Warning: Label `sub@fig:y equals x' multiply defined.


LaTeX Warning: Label `fig:three sin x' multiply defined.


LaTeX Warning: Label `sub@fig:three sin x' multiply defined.


LaTeX Warning: Label `fig:five over x' multiply defined.


LaTeX Warning: Label `sub@fig:five over x' multiply defined.


LaTeX Warning: Label `fig.SICAPI' multiply defined.


LaTeX Warning: Label `sub@fig.SICAPI' multiply defined.


LaTeX Warning: Label `klk' multiply defined.


LaTeX Warning: Label `sub@klk' multiply defined.


LaTeX Warning: Label `klk' multiply defined.


LaTeX Warning: Label `sub@klk' multiply defined.

)
\openout1 = `document.aux'.

LaTeX Font Info:    Checking defaults for OML/cmm/m/it on input line 64.
LaTeX Font Info:    ... okay on input line 64.
LaTeX Font Info:    Checking defaults for OMS/cmsy/m/n on input line 64.
LaTeX Font Info:    ... okay on input line 64.
LaTeX Font Info:    Checking defaults for OT1/cmr/m/n on input line 64.
LaTeX Font Info:    ... okay on input line 64.
LaTeX Font Info:    Checking defaults for T1/cmr/m/n on input line 64.
LaTeX Font Info:    ... okay on input line 64.
LaTeX Font Info:    Checking defaults for TS1/cmr/m/n on input line 64.
LaTeX Font Info:    ... okay on input line 64.
LaTeX Font Info:    Checking defaults for OMX/cmex/m/n on input line 64.
LaTeX Font Info:    ... okay on input line 64.
LaTeX Font Info:    Checking defaults for U/cmr/m/n on input line 64.
LaTeX Font Info:    ... okay on input line 64.
LaTeX Font Info:    Checking defaults for PD1/pdf/m/n on input line 64.
LaTeX Font Info:    ... okay on input line 64.
LaTeX Font Info:    Checking defaults for PU/pdf/m/n on input line 64.
LaTeX Font Info:    ... okay on input line 64.

*geometry* driver: auto-detecting
*geometry* detected driver: pdftex
*geometry* verbose mode - [ preamble ] result:
* driver: pdftex
* paper: a4paper
* layout: <same size as paper>
* layoutoffset:(h,v)=(0.0pt,0.0pt)
* modes: 
* h-part:(L,W,R)=(71.13188pt, 455.24411pt, 71.13188pt)
* v-part:(T,H,B)=(71.13188pt, 702.78308pt, 71.13188pt)
* \paperwidth=597.50787pt
* \paperheight=845.04684pt
* \textwidth=455.24411pt
* \textheight=702.78308pt
* \oddsidemargin=-1.1381pt
* \evensidemargin=-1.1381pt
* \topmargin=-38.1381pt
* \headheight=12.0pt
* \headsep=25.0pt
* \topskip=12.0pt
* \footskip=30.0pt
* \marginparwidth=35.0pt
* \marginparsep=10.0pt
* \columnsep=10.0pt
* \skip\footins=10.8pt plus 4.0pt minus 2.0pt
* \hoffset=0.0pt
* \voffset=0.0pt
* \mag=1000
* \@twocolumnfalse
* \@twosidefalse
* \@mparswitchfalse
* \@reversemarginfalse
* (1in=72.27pt=25.4mm, 1cm=28.453pt)

(/usr/share/texlive/texmf-dist/tex/context/base/mkii/supp-pdf.mkii
[Loading MPS to PDF converter (version 2006.09.02).]
\scratchcounter=\count430
\scratchdimen=\dimen359
\scratchbox=\box98
\nofMPsegments=\count431
\nofMParguments=\count432
\everyMPshowfont=\toks88
\MPscratchCnt=\count433
\MPscratchDim=\dimen360
\MPnumerator=\count434
\makeMPintoPDFobject=\count435
\everyMPtoPDFconversion=\toks89
) (/usr/share/texlive/texmf-dist/tex/latex/epstopdf-pkg/epstopdf-base.sty
Package: epstopdf-base 2020-01-24 v2.11 Base part for package epstopdf
Package epstopdf-base Info: Redefining graphics rule for `.eps' on input line 4
85.

(/usr/share/texlive/texmf-dist/tex/latex/latexconfig/epstopdf-sys.cfg
File: epstopdf-sys.cfg 2010/07/13 v1.3 Configuration of (r)epstopdf for TeX Liv
e
))
LaTeX Info: Redefining \degres on input line 64.
Package french.ldf Info: Setting StandardItemizeEnv=true for
(french.ldf)             compatibility with enumitem package,
(french.ldf)             reported on input line 64.
Package french.ldf Info: Setting StandardEnumerateEnv=true for
(french.ldf)             compatibility with enumitem package,
(french.ldf)             reported on input line 64.
LaTeX Info: Redefining \up on input line 64.
Package hyperref Info: Link coloring ON on input line 64.

(/usr/share/texlive/texmf-dist/tex/latex/hyperref/nameref.sty
Package: nameref 2021-04-02 v2.47 Cross-referencing by name of section

(/usr/share/texlive/texmf-dist/tex/latex/refcount/refcount.sty
Package: refcount 2019/12/15 v3.6 Data extraction from label references (HO)
)
(/usr/share/texlive/texmf-dist/tex/generic/gettitlestring/gettitlestring.sty
Package: gettitlestring 2019/12/15 v1.6 Cleanup title references (HO)
)
\c@section@level=\count436
)
LaTeX Info: Redefining \ref on input line 64.
LaTeX Info: Redefining \pageref on input line 64.
LaTeX Info: Redefining \nameref on input line 64.
Package caption Info: Begin \AtBeginDocument code.
Package caption Info: float package is loaded.
Package caption Info: longtable package is loaded.

(/usr/share/texlive/texmf-dist/tex/latex/caption/ltcaption.sty
Package: ltcaption 2020/05/30 v1.4b longtable captions (AR)
)
Package caption Info: supertabular package is loaded.
Package caption Info: End \AtBeginDocument code.

(/usr/share/texlive/texmf-dist/tex/latex/arabtex/apatch.sty
\a@lines=\count437
\a@Lwidth=\dimen361
\a@displaywidth=\dimen362

(/usr/share/texlive/texmf-dist/tex/latex/arabtex/alocal.sty
(ArabTeX) 3.11 local stub, 26.02.2006)
(ArabTeX) version 3.11s (02.07.2006): second phase of patching)
<./Template LaTeX/Images/ISCAE.jpg, id=7, 335.75438pt x 288.3272pt>
File: ./Template LaTeX/Images/ISCAE.jpg Graphic file (type jpg)
<use ./Template LaTeX/Images/ISCAE.jpg>
Package pdftex.def Info: ./Template LaTeX/Images/ISCAE.jpg  used on input line 
70.
(pdftex.def)             Requested size: 100.37537pt x 86.19525pt.
<./Template LaTeX/Images/logoUniv.jpg, id=9, 293.898pt x 303.534pt>
File: ./Template LaTeX/Images/logoUniv.jpg Graphic file (type jpg)
<use ./Template LaTeX/Images/logoUniv.jpg>
Package pdftex.def Info: ./Template LaTeX/Images/logoUniv.jpg  used on input li
ne 72.
(pdftex.def)             Requested size: 80.3003pt x 82.93253pt.

(/usr/share/texlive/texmf-dist/tex/latex/amsfonts/umsa.fd)
(/usr/share/texlive/texmf-dist/tex/latex/amsfonts/umsb.fd)
(/usr/share/texlive/texmf-dist/tex/latex/base/ulasy.fd)
<./Template LaTeX/Images/cado_logo.png, id=10, 2579.6375pt x 416.55624pt>
File: ./Template LaTeX/Images/cado_logo.png Graphic file (type png)
<use ./Template LaTeX/Images/cado_logo.png>
Package pdftex.def Info: ./Template LaTeX/Images/cado_logo.png  used on input l
ine 133.
(pdftex.def)             Requested size: 150.56305pt x 24.31218pt.
 [1

{/var/lib/texmf/fonts/map/pdftex/updmap/pdftex.map} <./Template LaTeX/Images/IS
CAE.jpg> <./Template LaTeX/Images/logoUniv.jpg> <./Template LaTeX/Images/cado_l
ogo.png>]pdfTeX warning (ext4): destination with the same identifier (name{page
.1}) has been already used, duplicate ignored
<to be read again> 
                   \relax 
l.215 		\chapter
                *{REMERCIEMENTS} \label{chap:1REMERCIEMENTS} [1

] [2

]
Underfull \hbox (badness 10000) in paragraph at lines 285--290

 []


Underfull \hbox (badness 10000) in paragraph at lines 285--290

 []


Underfull \hbox (badness 10000) in paragraph at lines 285--290

 []

[3

]
Underfull \hbox (badness 10000) in paragraph at lines 294--297

 []


Overfull \hbox (5.83092pt too wide) in paragraph at lines 294--297
\T1/cmr/m/n/12 To fol-low the evo-lu-tion of in-for-ma-tion tech-no-logy and th
e emer-gence of the mo-bile world,our
 []


Underfull \hbox (badness 10000) in paragraph at lines 294--297

 []


Underfull \hbox (badness 10000) in paragraph at lines 294--297

 []

[4

]
Underfull \hbox (badness 10000) in paragraph at lines 326--354

 []

[5

] (./document.toc [6

])
\tf@toc=\write6
\openout6 = `document.toc'.

 [7] (./document.lof)
\tf@lof=\write7
\openout7 = `document.lof'.

 [8

] (./document.lot)
\tf@lot=\write8
\openout8 = `document.lot'.


(./Template LaTeX/TeXFiles/newIntro.tex [9

])
(./Template LaTeX/TeXFiles/PresentationDeLaSociete.tex [10

]
Chapitre 1.
File: ./Template LaTeX/Images/cado_logo.png Graphic file (type png)
<use ./Template LaTeX/Images/cado_logo.png>
Package pdftex.def Info: ./Template LaTeX/Images/cado_logo.png  used on input l
ine 9.
(pdftex.def)             Requested size: 361.14679pt x 58.31747pt.
[11

]
<./Template LaTeX/Images/og.png, id=229, 958.58125pt x 514.92375pt>
File: ./Template LaTeX/Images/og.png Graphic file (type png)
<use ./Template LaTeX/Images/og.png>
Package pdftex.def Info: ./Template LaTeX/Images/og.png  used on input line 38.

(pdftex.def)             Requested size: 766.86606pt x 411.93954pt.
 [12 <./Template LaTeX/Images/og.png>] [13]
Overfull \hbox (0.8255pt too wide) in paragraph at lines 166--166
[]|\T1/cmr/bx/n/12 N\TS1/cmr/bx/n/12 | 
 []


Underfull \hbox (badness 10000) in paragraph at lines 179--180
[]|\T1/cmr/m/n/12 Planification du pro-ces-sus de
 []


Overfull \hbox (65.0104pt too wide) in paragraph at lines 162--226
[]|  [] 
 []


LaTeX Warning: `h' float specifier changed to `ht'.

Missing character: There is no , in font nullfont!

Overfull \hbox (49.63014pt too wide) in paragraph at lines 477--478
 [] 
 []

[14] [15]) (./Template LaTeX/TeXFiles/EnvironnementDeTravail.tex [16]
Chapitre 2.
<./Template LaTeX/Images/use_case.png, id=273, 1628.0825pt x 1031.855pt>
File: ./Template LaTeX/Images/use_case.png Graphic file (type png)
<use ./Template LaTeX/Images/use_case.png>
Package pdftex.def Info: ./Template LaTeX/Images/use_case.png  used on input li
ne 60.
(pdftex.def)             Requested size: 512.15312pt x 341.42639pt.

Overfull \hbox (56.90901pt too wide) in paragraph at lines 60--61
[][] 
 []


Overfull \hbox (66.6255pt too wide) in paragraph at lines 144--247
 []|  [] 
 []

[17

 <./Template LaTeX/Images/use_case.png (PNG copy)>] [18]
Overfull \hbox (66.6255pt too wide) in paragraph at lines 253--361
 []|  [] 
 []

[19]
Overfull \hbox (66.6255pt too wide) in paragraph at lines 368--471
 []|  [] 
 []

[20]
Overfull \hbox (66.6255pt too wide) in paragraph at lines 478--581
 []|  [] 
 []

[21]
Overfull \hbox (66.6255pt too wide) in paragraph at lines 589--692
 []|  [] 
 []

[22]
<./Template LaTeX/Images/ins_act.png, id=300, 1411.2725pt x 1627.07875pt>
File: ./Template LaTeX/Images/ins_act.png Graphic file (type png)
<use ./Template LaTeX/Images/ins_act.png>
Package pdftex.def Info: ./Template LaTeX/Images/ins_act.png  used on input lin
e 760.
(pdftex.def)             Requested size: 512.14923pt x 540.58725pt.

Overfull \hbox (56.90512pt too wide) in paragraph at lines 760--761
[][] 
 []

<./Template LaTeX/Images/trans_act.png, id=302, 1607.00375pt x 1989.4325pt>
File: ./Template LaTeX/Images/trans_act.png Graphic file (type png)
<use ./Template LaTeX/Images/trans_act.png>
Package pdftex.def Info: ./Template LaTeX/Images/trans_act.png  used on input l
ine 770.
(pdftex.def)             Requested size: 512.16743pt x 569.0584pt.

Overfull \hbox (56.92332pt too wide) in paragraph at lines 770--771
[][] 
 []

[23 <./Template LaTeX/Images/ins_act.png (PNG copy)>]
<./Template LaTeX/Images/auth_act.png, id=309, 1417.295pt x 1627.07875pt>
File: ./Template LaTeX/Images/auth_act.png Graphic file (type png)
<use ./Template LaTeX/Images/auth_act.png>
Package pdftex.def Info: ./Template LaTeX/Images/auth_act.png  used on input li
ne 778.
(pdftex.def)             Requested size: 512.15054pt x 569.03922pt.

Overfull \hbox (56.90643pt too wide) in paragraph at lines 778--779
[][] 
 []

[24 <./Template LaTeX/Images/trans_act.png (PNG copy)>]
<./Template LaTeX/Images/Diagramme_de_classe_V3.png, id=316, 1528.71124pt x 154
3.7675pt>
File: ./Template LaTeX/Images/Diagramme_de_classe_V3.png Graphic file (type png
)
<use ./Template LaTeX/Images/Diagramme_de_classe_V3.png>
Package pdftex.def Info: ./Template LaTeX/Images/Diagramme_de_classe_V3.png  us
ed on input line 792.
(pdftex.def)             Requested size: 512.1506pt x 569.04144pt.

Overfull \hbox (56.9065pt too wide) in paragraph at lines 792--793
[][] 
 []

[25 <./Template LaTeX/Images/auth_act.png (PNG copy)>] [26 <./Template LaTeX/Im
ages/Diagramme_de_classe_V3.png (PNG copy)>]
Overfull \hbox (56.26321pt too wide) in paragraph at lines 799--855
 []|  [] 
 []

) (./Template LaTeX/TeXFiles/new_realisation.tex [27]
Chapitre 3.

Overfull \hbox (1.75063pt too wide) in paragraph at lines 35--41
\T1/cmr/m/n/12 Pour en sa-voir plus, veillez vi-si-ter le lien : [][]https://en
.wikipedia.org/wiki/VisualStudioCode[][] 
 []

[28

] [29] [30] [31]
<./Template LaTeX/Images/Modle-vue-contrleur_(MVC)_-_fr.png, id=352, 301.12
5pt x 194.97844pt>
File: ./Template LaTeX/Images/Modle-vue-contrleur_(MVC)_-_fr.png Graphic fi
le (type png)
<use ./Template LaTeX/Images/Modle-vue-contrleur_(MVC)_-_fr.png>
Package pdftex.def Info: ./Template LaTeX/Images/Modle-vue-contrleur_(MVC)_
-_fr.png  used on input line 236.
(pdftex.def)             Requested size: 426.83315pt x 170.72173pt.

Underfull \hbox (badness 10000) in paragraph at lines 222--243

 []


Underfull \hbox (badness 10000) in paragraph at lines 222--243

 []

[32] [33 <./Template LaTeX/Images/Modle-vue-contrleur_(MVC)_-_fr.png>]
Underfull \hbox (badness 10000) in paragraph at lines 254--256

 []

[34]
Underfull \hbox (badness 10000) in paragraph at lines 351--355

 []


Underfull \hbox (badness 10000) in paragraph at lines 358--359

 []

<./Template LaTeX/Images/Architecture-dune-application-Flutter-1.jpg, id=368, 5
59.33969pt x 288.3272pt>
File: ./Template LaTeX/Images/Architecture-dune-application-Flutter-1.jpg Graph
ic file (type jpg)
<use ./Template LaTeX/Images/Architecture-dune-application-Flutter-1.jpg>
Package pdftex.def Info: ./Template LaTeX/Images/Architecture-dune-application-
Flutter-1.jpg  used on input line 378.
(pdftex.def)             Requested size: 451.70563pt x 250.94821pt.
[35] [36 <./Template LaTeX/Images/Architecture-dune-application-Flutter-1.jpg>]
[37]
Underfull \hbox (badness 10000) in paragraph at lines 416--419

 []

<./Template LaTeX/Images/Laravel-MVC-framework.jpg, id=392, 1301.86375pt x 892.
33376pt>
File: ./Template LaTeX/Images/Laravel-MVC-framework.jpg Graphic file (type jpg)

<use ./Template LaTeX/Images/Laravel-MVC-framework.jpg>
Package pdftex.def Info: ./Template LaTeX/Images/Laravel-MVC-framework.jpg  use
d on input line 421.
(pdftex.def)             Requested size: 501.8647pt x 200.7392pt.

Overfull \hbox (46.62059pt too wide) in paragraph at lines 421--422
[][] 
 []

[38 <./Template LaTeX/Images/Laravel-MVC-framework.jpg>]
<./Template LaTeX/Images/1.jpg, id=397, 1084.05pt x 2252.415pt>
File: ./Template LaTeX/Images/1.jpg Graphic file (type jpg)
<use ./Template LaTeX/Images/1.jpg>
Package pdftex.def Info: ./Template LaTeX/Images/1.jpg  used on input line 460.

(pdftex.def)             Requested size: 136.57462pt x 283.75081pt.
<./Template LaTeX/Images/2.jpg, id=398, 1084.05pt x 2252.415pt>
File: ./Template LaTeX/Images/2.jpg Graphic file (type jpg)
<use ./Template LaTeX/Images/2.jpg>
Package pdftex.def Info: ./Template LaTeX/Images/2.jpg  used on input line 466.

(pdftex.def)             Requested size: 136.57462pt x 283.75081pt.
 [39]
<./Template LaTeX/Images/3.jpg, id=404, 1084.05pt x 2252.415pt>
File: ./Template LaTeX/Images/3.jpg Graphic file (type jpg)
<use ./Template LaTeX/Images/3.jpg>
Package pdftex.def Info: ./Template LaTeX/Images/3.jpg  used on input line 480.

(pdftex.def)             Requested size: 142.26378pt x 295.57375pt.
 [40 <./Template LaTeX/Images/1.jpg> <./Template LaTeX/Images/2.jpg>]
Underfull \hbox (badness 10000) in paragraph at lines 485--489

 []

<./Template LaTeX/Images/4.jpg, id=409, 1084.05pt x 2252.415pt>
File: ./Template LaTeX/Images/4.jpg Graphic file (type jpg)
<use ./Template LaTeX/Images/4.jpg>
Package pdftex.def Info: ./Template LaTeX/Images/4.jpg  used on input line 496.

(pdftex.def)             Requested size: 136.57462pt x 283.75081pt.
<./Template LaTeX/Images/23.jpg, id=410, 1084.05pt x 2252.415pt>
File: ./Template LaTeX/Images/23.jpg Graphic file (type jpg)
<use ./Template LaTeX/Images/23.jpg>
Package pdftex.def Info: ./Template LaTeX/Images/23.jpg  used on input line 502
.
(pdftex.def)             Requested size: 136.57462pt x 283.75081pt.
<./Template LaTeX/Images/24.jpg, id=411, 1084.05pt x 2252.415pt>
File: ./Template LaTeX/Images/24.jpg Graphic file (type jpg)
<use ./Template LaTeX/Images/24.jpg>
Package pdftex.def Info: ./Template LaTeX/Images/24.jpg  used on input line 508
.
(pdftex.def)             Requested size: 136.57462pt x 283.75081pt.
<./Template LaTeX/Images/5.jpg, id=413, 1084.05pt x 2252.415pt>
File: ./Template LaTeX/Images/5.jpg Graphic file (type jpg)
<use ./Template LaTeX/Images/5.jpg>
Package pdftex.def Info: ./Template LaTeX/Images/5.jpg  used on input line 561.

(pdftex.def)             Requested size: 136.57462pt x 283.75081pt.
<./Template LaTeX/Images/11.jpg, id=414, 1084.05pt x 2252.415pt>
File: ./Template LaTeX/Images/11.jpg Graphic file (type jpg)
<use ./Template LaTeX/Images/11.jpg>
Package pdftex.def Info: ./Template LaTeX/Images/11.jpg  used on input line 568
.
(pdftex.def)             Requested size: 136.57462pt x 283.75081pt.
<./Template LaTeX/Images/12.jpg, id=415, 1084.05pt x 2252.415pt>
File: ./Template LaTeX/Images/12.jpg Graphic file (type jpg)
<use ./Template LaTeX/Images/12.jpg>
Package pdftex.def Info: ./Template LaTeX/Images/12.jpg  used on input line 575
.
(pdftex.def)             Requested size: 136.57462pt x 283.75081pt.
<./Template LaTeX/Images/13.jpg, id=416, 1084.05pt x 2252.415pt>
File: ./Template LaTeX/Images/13.jpg Graphic file (type jpg)
<use ./Template LaTeX/Images/13.jpg>
Package pdftex.def Info: ./Template LaTeX/Images/13.jpg  used on input line 583
.
(pdftex.def)             Requested size: 136.57462pt x 283.75081pt.
<./Template LaTeX/Images/14.jpg, id=417, 1084.05pt x 2252.415pt>
File: ./Template LaTeX/Images/14.jpg Graphic file (type jpg)
<use ./Template LaTeX/Images/14.jpg>
Package pdftex.def Info: ./Template LaTeX/Images/14.jpg  used on input line 590
.
(pdftex.def)             Requested size: 136.57462pt x 283.75081pt.
<./Template LaTeX/Images/15.jpg, id=418, 1084.05pt x 2252.415pt>
File: ./Template LaTeX/Images/15.jpg Graphic file (type jpg)
<use ./Template LaTeX/Images/15.jpg>
Package pdftex.def Info: ./Template LaTeX/Images/15.jpg  used on input line 597
.
(pdftex.def)             Requested size: 136.57462pt x 283.75081pt.
[41 <./Template LaTeX/Images/3.jpg>]

LaTeX Warning: Text page 42 contains only floats.

[42 <./Template LaTeX/Images/4.jpg> <./Template LaTeX/Images/23.jpg> <./Templat
e LaTeX/Images/24.jpg>] [43 <./Template LaTeX/Images/5.jpg> <./Template LaTeX/I
mages/11.jpg> <./Template LaTeX/Images/12.jpg> <./Template LaTeX/Images/13.jpg>
 <./Template LaTeX/Images/14.jpg> <./Template LaTeX/Images/15.jpg>]
<./Template LaTeX/Images/16.jpg, id=433, 1084.05pt x 2252.415pt>
File: ./Template LaTeX/Images/16.jpg Graphic file (type jpg)
<use ./Template LaTeX/Images/16.jpg>
Package pdftex.def Info: ./Template LaTeX/Images/16.jpg  used on input line 612
.
(pdftex.def)             Requested size: 136.57462pt x 283.75081pt.
<./Template LaTeX/Images/17.jpg, id=434, 1084.05pt x 2252.415pt>
File: ./Template LaTeX/Images/17.jpg Graphic file (type jpg)
<use ./Template LaTeX/Images/17.jpg>
Package pdftex.def Info: ./Template LaTeX/Images/17.jpg  used on input line 619
.
(pdftex.def)             Requested size: 136.57462pt x 283.75081pt.
<./Template LaTeX/Images/18.jpg, id=435, 1084.05pt x 2252.415pt>
File: ./Template LaTeX/Images/18.jpg Graphic file (type jpg)
<use ./Template LaTeX/Images/18.jpg>
Package pdftex.def Info: ./Template LaTeX/Images/18.jpg  used on input line 626
.
(pdftex.def)             Requested size: 136.57462pt x 283.75081pt.
<./Template LaTeX/Images/c.jpg, id=436, 1084.05pt x 2252.415pt>
File: ./Template LaTeX/Images/c.jpg Graphic file (type jpg)
<use ./Template LaTeX/Images/c.jpg>
Package pdftex.def Info: ./Template LaTeX/Images/c.jpg  used on input line 638.

(pdftex.def)             Requested size: 142.26378pt x 295.57375pt.
 [44 <./Template LaTeX/Images/16.jpg> <./Template LaTeX/Images/17.jpg> <./Templ
ate LaTeX/Images/18.jpg>]
<./Template LaTeX/Images/6.jpg, id=441, 1084.05pt x 2252.415pt>
File: ./Template LaTeX/Images/6.jpg Graphic file (type jpg)
<use ./Template LaTeX/Images/6.jpg>
Package pdftex.def Info: ./Template LaTeX/Images/6.jpg  used on input line 648.

(pdftex.def)             Requested size: 136.57462pt x 283.75081pt.
<./Template LaTeX/Images/7.jpg, id=442, 1084.05pt x 2252.415pt>
File: ./Template LaTeX/Images/7.jpg Graphic file (type jpg)
<use ./Template LaTeX/Images/7.jpg>
Package pdftex.def Info: ./Template LaTeX/Images/7.jpg  used on input line 655.

(pdftex.def)             Requested size: 136.57462pt x 283.75081pt.
<./Template LaTeX/Images/8.jpg, id=443, 1084.05pt x 2252.415pt>
File: ./Template LaTeX/Images/8.jpg Graphic file (type jpg)
<use ./Template LaTeX/Images/8.jpg>
Package pdftex.def Info: ./Template LaTeX/Images/8.jpg  used on input line 662.

(pdftex.def)             Requested size: 136.57462pt x 283.75081pt.
<./Template LaTeX/Images/9.jpg, id=444, 1084.05pt x 2252.415pt>
File: ./Template LaTeX/Images/9.jpg Graphic file (type jpg)
<use ./Template LaTeX/Images/9.jpg>
Package pdftex.def Info: ./Template LaTeX/Images/9.jpg  used on input line 669.

(pdftex.def)             Requested size: 136.57462pt x 283.75081pt.
<./Template LaTeX/Images/10.jpg, id=445, 1084.05pt x 2252.415pt>
File: ./Template LaTeX/Images/10.jpg Graphic file (type jpg)
<use ./Template LaTeX/Images/10.jpg>
Package pdftex.def Info: ./Template LaTeX/Images/10.jpg  used on input line 675
.
(pdftex.def)             Requested size: 136.57462pt x 283.75081pt.
 [45 <./Template LaTeX/Images/c.jpg>] [46 <./Template LaTeX/Images/6.jpg> <./Te
mplate LaTeX/Images/7.jpg> <./Template LaTeX/Images/8.jpg> <./Template LaTeX/Im
ages/9.jpg> <./Template LaTeX/Images/10.jpg>]
<./Template LaTeX/Images/menu.jpg, id=454, 1084.05pt x 2252.415pt>
File: ./Template LaTeX/Images/menu.jpg Graphic file (type jpg)
<use ./Template LaTeX/Images/menu.jpg>
Package pdftex.def Info: ./Template LaTeX/Images/menu.jpg  used on input line 6
91.
(pdftex.def)             Requested size: 142.26378pt x 295.57375pt.
<./Template LaTeX/Images/From_emu/login.png, id=455, 1084.05pt x 1927.2pt>
File: ./Template LaTeX/Images/From_emu/login.png Graphic file (type png)
<use ./Template LaTeX/Images/From_emu/login.png>
Package pdftex.def Info: ./Template LaTeX/Images/From_emu/login.png  used on in
put line 705.
(pdftex.def)             Requested size: 142.26378pt x 252.89732pt.
 [47 <./Template LaTeX/Images/menu.jpg>]
<./Template LaTeX/Images/From_emu/A_home.png, id=461, 1084.05pt x 1927.2pt>
File: ./Template LaTeX/Images/From_emu/A_home.png Graphic file (type png)
<use ./Template LaTeX/Images/From_emu/A_home.png>
Package pdftex.def Info: ./Template LaTeX/Images/From_emu/A_home.png  used on i
nput line 747.
(pdftex.def)             Requested size: 136.57462pt x 242.78143pt.
<./Template LaTeX/Images/From_emu/A_update_modif.png, id=462, 1084.05pt x 1927.
2pt>
File: ./Template LaTeX/Images/From_emu/A_update_modif.png Graphic file (type pn
g)
<use ./Template LaTeX/Images/From_emu/A_update_modif.png>
Package pdftex.def Info: ./Template LaTeX/Images/From_emu/A_update_modif.png  u
sed on input line 754.
(pdftex.def)             Requested size: 136.57462pt x 242.78143pt.
<./Template LaTeX/Images/From_emu/A_up_s.png, id=463, 1084.05pt x 1927.2pt>
File: ./Template LaTeX/Images/From_emu/A_up_s.png Graphic file (type png)
<use ./Template LaTeX/Images/From_emu/A_up_s.png>
Package pdftex.def Info: ./Template LaTeX/Images/From_emu/A_up_s.png  used on i
nput line 761.
(pdftex.def)             Requested size: 136.57462pt x 242.78143pt.
<./Template LaTeX/Images/From_emu/A_add_s.png, id=464, 1084.05pt x 1927.2pt>
File: ./Template LaTeX/Images/From_emu/A_add_s.png Graphic file (type png)
<use ./Template LaTeX/Images/From_emu/A_add_s.png>
Package pdftex.def Info: ./Template LaTeX/Images/From_emu/A_add_s.png  used on 
input line 768.
(pdftex.def)             Requested size: 136.57462pt x 242.78143pt.
 [48 <./Template LaTeX/Images/From_emu/login.png>] [49 <./Template LaTeX/Images
/From_emu/A_home.png> <./Template LaTeX/Images/From_emu/A_update_modif.png> <./
Template LaTeX/Images/From_emu/A_up_s.png> <./Template LaTeX/Images/From_emu/A_
add_s.png>]
<./Template LaTeX/Images/From_emu/a.png, id=480, 1084.05pt x 1927.2pt>
File: ./Template LaTeX/Images/From_emu/a.png Graphic file (type png)
<use ./Template LaTeX/Images/From_emu/a.png>
Package pdftex.def Info: ./Template LaTeX/Images/From_emu/a.png  used on input 
line 786.
(pdftex.def)             Requested size: 136.57462pt x 242.78143pt.
<./Template LaTeX/Images/From_emu/no_vue.png, id=481, 1084.05pt x 1927.2pt>
File: ./Template LaTeX/Images/From_emu/no_vue.png Graphic file (type png)
<use ./Template LaTeX/Images/From_emu/no_vue.png>
Package pdftex.def Info: ./Template LaTeX/Images/From_emu/no_vue.png  used on i
nput line 791.
(pdftex.def)             Requested size: 136.57462pt x 242.78143pt.
<./Template LaTeX/Images/From_emu/b.png, id=482, 1084.05pt x 1927.2pt>
File: ./Template LaTeX/Images/From_emu/b.png Graphic file (type png)
<use ./Template LaTeX/Images/From_emu/b.png>
Package pdftex.def Info: ./Template LaTeX/Images/From_emu/b.png  used on input 
line 796.
(pdftex.def)             Requested size: 136.57462pt x 242.78143pt.
) (./Template LaTeX/TeXFiles/new_Conclusion.tex
[50 <./Template LaTeX/Images/From_emu/a.png> <./Template LaTeX/Images/From_emu/
no_vue.png> <./Template LaTeX/Images/From_emu/b.png>])
(./Template LaTeX/TeXFiles/Bibliographie.tex [51

]
Overfull \hbox (48.06201pt too wide) in paragraph at lines 14--17
\T1/cmr/m/n/12 https ://www.aa.com.tr/fr/afrique/cameroun-pnurie-indite-de-pi
ces-de- mon-naie/1698715
 []


Overfull \hbox (9.18517pt too wide) in paragraph at lines 21--23
[]\T1/cmr/m/n/12 ] Dwor-kin, Mor-ris J (2015), SHA-3 stan-dard : Permutation-ba
sed hash and extendable-
 []

) [52

] (./document.aux)

 *File List*
  report.cls    2021/10/04 v1.4n Standard LaTeX document class
  size12.clo    2021/10/04 v1.4n Standard LaTeX file (size option)
geometry.sty    2020/01/02 v5.9 Page Geometry
  keyval.sty    2014/10/28 v1.15 key=value parser (DPC)
  ifvtex.sty    2019/10/25 v1.7 ifvtex legacy package. Use iftex instead.
   iftex.sty    2020/03/06 v1.0d TeX engine tests
graphicx.sty    2021/09/16 v1.2d Enhanced LaTeX Graphics (DPC,SPQR)
graphics.sty    2021/03/04 v1.4d Standard LaTeX Graphics (DPC,SPQR)
    trig.sty    2021/08/11 v1.11 sin cos tan (DPC)
graphics.cfg    2016/06/04 v1.11 sample graphics configuration
  pdftex.def    2020/10/05 v1.2a Graphics/color driver for pdftex
inputenc.sty    2021/02/14 v1.3d Input encoding file
 fontenc.sty
   babel.sty    2022/01/26 3.70 The Babel package
  french.ldf    2021/07/20 v3.5m French support from the babel system
scalefnt.sty    
 arabtex.sty    2003/08/22  3.11 ArabTeX main module
 arabaux.sty    2003/05/21  3.11 auxiliary macros for ArabTeX
    acmd.sty    2003/08/20  3.11 Arabic command processing 
  afonts.sty    1995/11/16  3.04 define Naskh font 
 afonts2.sty    1998/10/19  3.10 define Naskh fonts for LaTeX2e
   ascan.sty    2003/08/22  3.11 standard ZDMG input encoding 
  aparse.sty    2003/05/26  3.11 get syllables 
  awrite.sty    2003/06/05  3.11 build output word 
xarbsymb.sty    1998/07/15  3.07 symbolic output encoding 
arabskel.sty    2000/06/04  3.10 character skeleton definitions 
xarbskel.sty    1999/07/17  3.09 character skeleton definitions 
  aboxes.sty    2003/05/28  3.11 build output boxes
arabtoks.sty    1999/07/17  3.09 ArabTeX CS token definitions 
arabchrs.sty    1998/07/11  3.07 letter token definitions 
   aligs.sty    2003/05/26  3.11 compute ligatures
 aoutput.sty    2000/06/04  3.10 build output lines
  abidir.sty    2003/08/22  3.11 bidirectional linebreaking
  atrans.sty    2003/06/14  3.11 generate the transliteration 
  alatex.sty    2003/05/04  3.11 ArabTeX extensions for LaTeX 
   afoot.sty    2003/05/12  3.11 ArabTeX footnotes
   abjad.sty    2003/04/26  3.11 abjad numerals 
  apatch.sty    2006/07/02  3.11s last minute patches 
  alists.sty    2003/04/26  3.11 inverted list macros
   asect.sty    2003/04/26  3.11 section macros for Arabic
   atabg.sty    1997/01/21  3.05 LaTeX tabbing macros for Arabic
    utf8.sty    2000/06/13  3.10 UTF-8 input encoding 
 utfcode.sty    2002/03/07  3.10a Arabic+Hebrew segment of UTF-8
hyperref.sty    2021-06-07 v7.00m Hypertext links for LaTeX
 ltxcmds.sty    2020-05-10 v1.25 LaTeX kernel commands for general use (HO)
pdftexcmds.sty    2020-06-27 v0.33 Utility functions of pdfTeX for LuaTeX (HO)
infwarerr.sty    2019/12/03 v1.5 Providing info/warning/error messages (HO)
kvsetkeys.sty    2019/12/15 v1.18 Key value parser (HO)
kvdefinekeys.sty    2019-12-19 v1.6 Define keys (HO)
pdfescape.sty    2019/12/09 v1.15 Implements pdfTeX's escape features (HO)
 hycolor.sty    2020-01-27 v1.10 Color options for hyperref/bookmark (HO)
letltxmacro.sty    2019/12/03 v1.6 Let assignment for LaTeX macros (HO)
 auxhook.sty    2019-12-17 v1.6 Hooks for auxiliary files (HO)
kvoptions.sty    2020-10-07 v3.14 Key value format for package options (HO)
  pd1enc.def    2021-06-07 v7.00m Hyperref: PDFDocEncoding definition (HO)
hyperref-langpatches.def    2021-06-07 v7.00m Hyperref: patches for babel langu
ages
 intcalc.sty    2019/12/15 v1.3 Expandable calculations with integers (HO)
etexcmds.sty    2019/12/15 v1.7 Avoid name clashes with e-TeX commands (HO)
   puenc.def    2021-06-07 v7.00m Hyperref: PDF Unicode definition (HO)
     url.sty    2013/09/16  ver 3.4  Verb mode for urls, etc.
  bitset.sty    2019/12/09 v1.3 Handle bit-vector datatype (HO)
bigintcalc.sty    2019/12/15 v1.5 Expandable calculations on big integers (HO)
atbegshi-ltx.sty    2021/01/10 v1.0c Emulation of the original atbegshi
package with kernel methods
 hpdftex.def    2021-06-07 v7.00m Hyperref driver for pdfTeX
atveryend-ltx.sty    2020/08/19 v1.0a Emulation of the original atveryend packa
ge
with kernel methods
rerunfilecheck.sty    2019/12/05 v1.9 Rerun checks for auxiliary files (HO)
uniquecounter.sty    2019/12/15 v1.4 Provide unlimited unique counter (HO)
pgfgantt.sty    2018/01/10 v5.0 Draw Gantt diagrams with TikZ
    tikz.sty    2021/05/15 v3.1.9a (3.1.9a)
     pgf.sty    2021/05/15 v3.1.9a (3.1.9a)
  pgfrcs.sty    2021/05/15 v3.1.9a (3.1.9a)
pgfrcs.code.tex
 pgfcore.sty    2021/05/15 v3.1.9a (3.1.9a)
  pgfsys.sty    2021/05/15 v3.1.9a (3.1.9a)
pgfsys.code.tex
pgfsyssoftpath.code.tex    2021/05/15 v3.1.9a (3.1.9a)
pgfsysprotocol.code.tex    2021/05/15 v3.1.9a (3.1.9a)
  xcolor.sty    2021/10/31 v2.13 LaTeX color extensions (UK)
   color.cfg    2016/01/02 v1.6 sample color configuration
pgfcore.code.tex
pgfcomp-version-0-65.sty    2021/05/15 v3.1.9a (3.1.9a)
pgfcomp-version-1-18.sty    2021/05/15 v3.1.9a (3.1.9a)
  pgffor.sty    2021/05/15 v3.1.9a (3.1.9a)
 pgfkeys.sty    
pgfkeys.code.tex
 pgfmath.sty    
pgfmath.code.tex
pgffor.code.tex
tikz.code.tex
pgfcalendar.sty    
pgfcalendar.code.tex    2021/05/15 v3.1.9a (3.1.9a)
   array.sty    2021/10/04 v2.5f Tabular extension package (FMi)
tabularx.sty    2020/01/15 v2.11c `tabularx' package (DPC)
titlesec.sty    2021/07/05 v2.14 Sectioning titles
makecell.sty    2009/08/03 V0.1e Managing of Tab Column Heads and Cells
 amssymb.sty    2013/01/14 v3.01 AMS font symbols
amsfonts.sty    2013/01/14 v3.01 Basic AMSFonts support
  amsthm.sty    2020/05/29 v2.20.6
mathtools.sty    2021/02/02 v1.28 mathematical typesetting tools
    calc.sty    2017/05/25 v4.3 Infix arithmetic (KKT,FJ)
 mhsetup.sty    2021/03/18 v1.4 programming setup (MH)
 amsmath.sty    2021/10/15 v2.17l AMS math features
 amstext.sty    2021/08/26 v2.01 AMS text
  amsgen.sty    1999/11/30 v2.0 generic functions
  amsbsy.sty    1999/11/29 v1.2d Bold Symbols
  amsopn.sty    2021/08/26 v2.02 operator names
rotating.sty    2016/08/11 v2.16d rotated objects in LaTeX
  ifthen.sty    2020/11/24 v1.1c Standard LaTeX ifthen package (DPC)
colortbl.sty    2020/01/04 v1.0e Color table columns (DPC)
enumitem.sty    2019/06/20 v3.9 Customized lists
 nomencl.sty    2021/11/10 v5.6 Nomenclature package
 xkeyval.sty    2020/11/20 v2.8 package option processing (HA)
 xkeyval.tex    2014/12/03 v2.7a key=value parser (HA)
tocbasic.sty    2021/11/13 v3.35 KOMA-Script package (handling toc-files)
 scrbase.sty    2021/11/13 v3.35 KOMA-Script package (KOMA-Script-independent b
asics and keyval usage)
scrlfile.sty    2021/11/13 v3.35 KOMA-Script package (file load hooks)
scrlfile-hook.sty    2021/11/13 v3.35 KOMA-Script package (using LaTeX hooks)
 scrlogo.sty    2021/11/13 v3.35 KOMA-Script package (logo)
latexsym.sty    1998/08/17 v2.2e Standard LaTeX package (lasy symbols)
bookmark.sty    2020-11-06 v1.29 PDF bookmarks (HO)
bkm-pdftex.def    2020-11-06 v1.29 bookmark driver for pdfTeX (HO)
subcaption.sty    2020/10/07 v1.3j Sub-captions (AR)
 caption.sty    2020/10/26 v3.5g Customizing captions (AR)
caption3.sty    2020/10/21 v2.2e caption3 kernel (AR)
   float.sty    2001/11/08 v1.3d Float enhancements (AL)
multirow.sty    2021/03/15 v2.8 Span multiple rows of a table
algorithm.sty    2009/08/24 v0.1 Document Style `algorithm' - floating environm
ent
algorithmic.sty    2009/08/24 v0.1 Document Style `algorithmic'
glossaries.sty    2021/11/01 v4.49 (NLCT)
mfirstuc.sty    2021/10/15 v2.07 (NLCT)
etoolbox.sty    2020/10/05 v2.5k e-TeX tools for LaTeX (JAW)
textcase.sty    2019/09/14 v1.00 Text only upper/lower case changing (DPC)
    xfor.sty    2009/02/05 v1.05 (NLCT)
datatool-base.sty    2019/09/27 v2.32 (NLCT)
  substr.sty    2009/10/20 v1.2 Handle substrings
datatool-fp.sty    2019/09/27 v2.32 (NLCT)
      fp.sty    1995/04/02
defpattern.sty    1994/10/12
fp-basic.sty    1996/05/13
fp-addons.sty    1995/03/15
 fp-snap.sty    1995/04/05
  fp-exp.sty    1995/04/03
fp-trigo.sty    1995/04/14
  fp-pas.sty    1994/08/29
fp-random.sty    1995/02/23
  fp-eqn.sty    1995/04/03
  fp-upn.sty    1996/10/21
 fp-eval.sty    1995/04/03
glossaries-compatible-307.sty    2021/11/01 v4.49 (NLCT)
tracklang.sty    2020/06/30 v1.5 (NLCT) Track Languages
tracklang.tex    2020/06/30 v1.5 (NLCT) Track Languages Generic Code
translator.sty    2021-05-31 v1.12d Easy translation of strings in LaTeX
glossaries-french.ldf    2016/12/12 v1.1
glossary-hypernav.sty    2021/11/01 v4.49 (NLCT)
glossary-list.sty    2021/11/01 v4.49 (NLCT)
glossary-long.sty    2021/11/01 v4.49 (NLCT)
longtable.sty    2021-09-01 v4.17 Multi-page Table package (DPC)
glossary-super.sty    2021/11/01 v4.49 (NLCT)
supertabular.sty    2020/02/02 v4.1g the supertabular environment
glossary-tree.sty    2021/11/01 v4.49 (NLCT)
  lipsum.sty    2021-09-20 v2.7 150 paragraphs of Lorem Ipsum dummy text
l3keys2e.sty    2022-01-12 LaTeX2e option processing using LaTeX3 keys
   expl3.sty    2022-01-21 L3 programming layer (loader) 
l3backend-pdftex.def    2022-01-12 L3 backend support: PDF output (pdfTeX)
  lipsum.ltd
verbatim.sty    2020-07-07 v1.5u LaTeX2e package for verbatim enhancements
adjustbox.sty    2020/08/19 v1.3 Adjusting TeX boxes (trim, clip, ...)
 adjcalc.sty    2012/05/16 v1.1 Provides advanced setlength with multiple back-
ends (calc, etex, pgfmath)
trimclip.sty    2020/08/19 v1.2 Trim and clip general TeX material
collectbox.sty    2012/05/17 v0.4b Collect macro arguments as boxes
tc-pdftex.def    2019/01/04 v2.2 Clipping driver for pdftex
ifoddpage.sty    2016/04/23 v1.1 Conditionals for odd/even page detection
varwidth.sty    2009/03/30 ver 0.92;  Variable-width minipages
supp-pdf.mkii
epstopdf-base.sty    2020-01-24 v2.11 Base part for package epstopdf
epstopdf-sys.cfg    2010/07/13 v1.3 Configuration of (r)epstopdf for TeX Live
 nameref.sty    2021-04-02 v2.47 Cross-referencing by name of section
refcount.sty    2019/12/15 v3.6 Data extraction from label references (HO)
gettitlestring.sty    2019/12/15 v1.6 Cleanup title references (HO)
ltcaption.sty    2020/05/30 v1.4b longtable captions (AR)
  apatch.sty    2006/07/02  3.11s last minute patches 
./Template LaTeX/Images/ISCAE.jpg
./Template LaTeX/Images/logoUniv.jpg
    umsa.fd    2013/01/14 v3.01 AMS symbols A
    umsb.fd    2013/01/14 v3.01 AMS symbols B
   ulasy.fd    1998/08/17 v2.2e LaTeX symbol font definitions
./Template LaTeX/Images/cado_logo.png
./Template LaTeX/TeXFiles/newIntro.tex
./Template LaTeX/TeXFiles/PresentationDeLaSociete.tex
./Template LaTeX/Images/cado_logo.png
./Template LaTeX/Images/og.png
./Template LaTeX/TeXFiles/EnvironnementDeTravail.tex
./Template LaTeX/Images/use_case.png
./Template LaTeX/Images/ins_act.png
./Template LaTeX/Images/trans_act.png
./Template LaTeX/Images/auth_act.png
./Template LaTeX/Images/Diagramme_de_classe_V3.png
./Template LaTeX/TeXFiles/new_realisation.tex
./Template LaTeX/Images/Modle-vue-contrleur_(MVC)_-_fr.png
./Template LaTeX/Images/Architecture-dune-application-Flutter-1.jpg
./Template LaTeX/Images/Laravel-MVC-framework.jpg
./Template LaTeX/Images/1.jpg
./Template LaTeX/Images/2.jpg
./Template LaTeX/Images/3.jpg
./Template LaTeX/Images/4.jpg
./Template LaTeX/Images/23.jpg
./Template LaTeX/Images/24.jpg
./Template LaTeX/Images/5.jpg
./Template LaTeX/Images/11.jpg
./Template LaTeX/Images/12.jpg
./Template LaTeX/Images/13.jpg
./Template LaTeX/Images/14.jpg
./Template LaTeX/Images/15.jpg
./Template LaTeX/Images/16.jpg
./Template LaTeX/Images/17.jpg
./Template LaTeX/Images/18.jpg
./Template LaTeX/Images/c.jpg
./Template LaTeX/Images/6.jpg
./Template LaTeX/Images/7.jpg
./Template LaTeX/Images/8.jpg
./Template LaTeX/Images/9.jpg
./Template LaTeX/Images/10.jpg
./Template LaTeX/Images/menu.jpg
./Template LaTeX/Images/From_emu/login.png
./Template LaTeX/Images/From_emu/A_home.png
./Template LaTeX/Images/From_emu/A_update_modif.png
./Template LaTeX/Images/From_emu/A_up_s.png
./Template LaTeX/Images/From_emu/A_add_s.png
./Template LaTeX/Images/From_emu/a.png
./Template LaTeX/Images/From_emu/no_vue.png
./Template LaTeX/Images/From_emu/b.png
./Template LaTeX/TeXFiles/new_Conclusion.tex
./Template LaTeX/TeXFiles/Bibliographie.tex
 ***********


LaTeX Warning: There were multiply-defined labels.

 )
(\end occurred inside a group at level 1)

### semi simple group (level 1) entered at line 64 (\begingroup)
### bottom level 
Here is how much of TeX's memory you used:
 40477 strings out of 478287
 765348 string characters out of 5849290
 1231572 words of memory out of 5000000
 57691 multiletter control sequences out of 15000+600000
 483901 words of font info for 63 fonts, out of 8000000 for 9000
 1141 hyphenation exceptions out of 8191
 110i,22n,131p,1266b,2917s stack positions out of 5000i,500n,10000p,200000b,80000s
{/usr/share/texmf/fonts/enc/dvips/cm-super/cm-super-ts1.enc}{/u
sr/share/texmf/fonts/enc/dvips/cm-super/cm-super-t1.enc}</usr/share/texlive/tex
mf-dist/fonts/type1/public/amsfonts/cm/cmsy10.pfb></usr/share/texmf/fonts/type1
/public/cm-super/sfbi1200.pfb></usr/share/texmf/fonts/type1/public/cm-super/sfb
x1200.pfb></usr/share/texmf/fonts/type1/public/cm-super/sfbx1440.pfb></usr/shar
e/texmf/fonts/type1/public/cm-super/sfbx1728.pfb></usr/share/texmf/fonts/type1/
public/cm-super/sfbx2488.pfb></usr/share/texmf/fonts/type1/public/cm-super/sfcc
1200.pfb></usr/share/texmf/fonts/type1/public/cm-super/sfrm1095.pfb></usr/share
/texmf/fonts/type1/public/cm-super/sfrm1200.pfb></usr/share/texmf/fonts/type1/p
ublic/cm-super/sfti1200.pfb>
Output written on document.pdf (53 pages, 7709988 bytes).
PDF statistics:
 724 PDF objects out of 1000 (max. 8388607)
 587 compressed objects within 6 object streams
 158 named destinations out of 1000 (max. 500000)
 591 words of extra memory for PDF output out of 10000 (max. 10000000)

